{"type":"hello","msg":"connected"}
{"type":"status","t":0,"s":0,"torque":{"fl":0,"fr":0,"rl":0,"rr":0},"curr":{"fl":8,"fr":16,"rl":4,"rr":6},"vel": {"fl":0,"fr":0,"rl":0,"rr":0},"boards":{"vf":3967,"vr":3970,"tf":359,"tr":367},"vehicle":{"gear":"N","low":false,"high":false,"il":false,"ir":false}}
{"type":"status","t":0,"s":0,"torque":{"fl":0,"fr":0,"rl":0,"rr":0},"curr":{"fl":6,"fr":14,"rl":4,"rr":6},"vel": {"fl":0,"fr":0,"rl":0,"rr":0},"boards":{"vf":3967,"vr":3970,"tf":359,"tr":367},"vehicle":{"gear":"N","low":false,"high":false,"il":false,"ir":false}}
{"type":"status","t":0,"s":0,"torque":{"fl":0,"fr":0,"rl":0,"rr":0},"curr":{"fl":8,"fr":14,"rl":6,"rr":4},"vel": {"fl":0,"fr":0,"rl":0,"rr":0},"boards":{"vf":3967,"vr":3970,"tf":359,"tr":367},"vehicle":{"gear":"N","low":false,"high":false,"il":false,"ir":false}}
{"type":"status","t":0,"s":0,"torque":{"fl":0,"fr":0,"rl":0,"rr":0},"curr":{"fl":-8,"fr":-6,"rl":4,"rr":2},"vel": {"fl":0,"fr":0,"rl":0,"rr":0},"boards":{"vf":3967,"vr":3970,"tf":359,"tr":367},"vehicle":{"gear":"N","low":false,"high":false,"il":false,"ir":false}}
{"type":"status","t":0,"s":0,"torque":{"fl":0,"fr":0,"rl":0,"rr":0},"curr":{"fl":6,"fr":14,"rl":4,"rr":4},"vel": {"fl":0,"fr":0,"rl":0,"rr":0},"boards":{"vf":3967,"vr":3970,"tf":359,"tr":367},"vehicle":{"gear":"N","low":false,"high":false,"il":false,"ir":false}}
{"type":"status","t":0,"s":0,"torque":{"fl":0,"fr":0,"rl":0,"rr":0},"curr":{"fl":6,"fr":16,"rl":6,"rr":4},"vel": {"fl":0,"fr":0,"rl":0,"rr":0},"boards":{"vf":3967,"vr":3970,"tf":359,"tr":367},"vehicle":{"gear":"N","low":false,"high":false,"il":false,"ir":false}}
{"type":"status","t":0,"s":0,"torque":{"fl":0,"fr":0,"rl":0,"rr":0},"curr":{"fl":24,"fr":26,"rl":-4,"rr":12},"vel": {"fl":0,"fr":0,"rl":0,"rr":0},"boards":{"vf":3967,"vr":3970,"tf":359,"tr":367},"vehicle":{"gear":"N","low":false,"high":false,"il":false,"ir":false}}
{"type":"status","t":0,"s":0,"torque":{"fl":0,"fr":0,"rl":0,"rr":0},"curr":{"fl":-16,"fr":-2,"rl":4,"rr":4},"vel": {"fl":0,"fr":0,"rl":0,"rr":0},"boards":{"vf":3967,"vr":3970,"tf":359,"tr":367},"vehicle":{"gear":"N","low":false,"high":false,"il":false,"ir":false}}
{"type":"status","t":0,"s":0,"torque":{"fl":0,"fr":0,"rl":0,"rr":0},"curr":{"fl":6,"fr":16,"rl":4,"rr":6},"vel": {"fl":0,"fr":0,"rl":0,"rr":0},"boards":{"vf":3967,"vr":3970,"tf":359,"tr":367},"vehicle":{"gear":"N","low":false,"high":false,"il":false,"ir":false}}
{"type":"status","t":0,"s":0,"torque":{"fl":0,"fr":0,"rl":0,"rr":0},"curr":{"fl":-12,"fr":-8,"rl":4,"rr":4},"vel": {"fl":0,"fr":0,"rl":0,"rr":0},"boards":{"vf":3967,"vr":3970,"tf":359,"tr":367},"vehicle":{"gear":"N","low":false,"high":false,"il":false,"ir":false}}
{"type":"status","t":0,"s":0,"torque":{"fl":0,"fr":0,"rl":0,"rr":0},"curr":{"fl":28,"fr":26,"rl":-6,"rr":10},"vel": {"fl":0,"fr":0,"rl":0,"rr":0},"boards":{"vf":3967,"vr":3970,"tf":359,"tr":367},"vehicle":{"gear":"N","low":false,"high":false,"il":false,"ir":false}}
{"type":"status","t":0,"s":0,"torque":{"fl":0,"fr":0,"rl":0,"rr":0},"curr":{"fl":-14,"fr":-2,"rl":4,"rr":4},"vel": {"fl":0,"fr":0,"rl":0,"rr":0},"boards":{"vf":3967,"vr":3970,"tf":359,"tr":367},"vehicle":{"gear":"N","low":false,"high":false,"il":false,"ir":false}}
{"type":"status","t":0,"s":0,"torque":{"fl":0,"fr":0,"rl":0,"rr":0},"curr":{"fl":6,"fr":14,"rl":4,"rr":6},"vel": {"fl":0,"fr":0,"rl":0,"rr":0},"boards":{"vf":3967,"vr":3970,"tf":359,"tr":367},"vehicle":{"gear":"N","low":false,"high":false,"il":false,"ir":false}}
{"type":"status","t":0,"s":0,"torque":{"fl":0,"fr":0,"rl":0,"rr":0},"curr":{"fl":8,"fr":14,"rl":4,"rr":4},"vel": {"fl":0,"fr":0,"rl":0,"rr":0},"boards":{"vf":3967,"vr":3970,"tf":359,"tr":367},"vehicle":{"gear":"N","low":false,"high":false,"il":false,"ir":false}}
{"type":"status","t":0,"s":0,"torque":{"fl":0,"fr":0,"rl":0,"rr":0},"curr":{"fl":6,"fr":16,"rl":4,"rr":4},"vel": {"fl":0,"fr":0,"rl":0,"rr":0},"boards":{"vf":3967,"vr":3970,"tf":359,"tr":367},"vehicle":{"gear":"N","low":false,"high":false,"il":false,"ir":false}}
{"type":"status","t":0,"s":0,"torque":{"fl":0,"fr":0,"rl":0,"rr":0},"curr":{"fl":20,"fr":24,"rl":-4,"rr":12},"vel": {"fl":0,"fr":0,"rl":0,"rr":0},"boards":{"vf":3967,"vr":3970,"tf":359,"tr":367},"vehicle":{"gear":"N","low":false,"high":false,"il":false,"ir":false}}
{"type":"status","t":0,"s":0,"torque":{"fl":0,"fr":0,"rl":0,"rr":0},"curr":{"fl":6,"fr":16,"rl":6,"rr":2},"vel": {"fl":0,"fr":0,"rl":0,"rr":0},"boards":{"vf":3967,"vr":3970,"tf":359,"tr":367},"vehicle":{"gear":"N","low":false,"high":false,"il":false,"ir":false}}
{"type":"status","t":0,"s":0,"torque":{"fl":0,"fr":0,"rl":0,"rr":0},"curr":{"fl":6,"fr":14,"rl":6,"rr":4},"vel": {"fl":0,"fr":0,"rl":0,"rr":0},"boards":{"vf":3967,"vr":3970,"tf":359,"tr":367},"vehicle":{"gear":"N","low":false,"high":false,"il":false,"ir":false}}
{"type":"status","t":0,"s":0,"torque":{"fl":0,"fr":0,"rl":0,"rr":0},"curr":{"fl":-16,"fr":-4,"rl":6,"rr":4},"vel": {"fl":0,"fr":0,"rl":0,"rr":0},"boards":{"vf":3967,"vr":3970,"tf":359,"tr":367},"vehicle":{"gear":"N","low":false,"high":false,"il":false,"ir":false}}
{"type":"status","t":0,"s":0,"torque":{"fl":0,"fr":0,"rl":0,"rr":0},"curr":{"fl":6,"fr":14,"rl":-4,"rr":10},"vel": {"fl":0,"fr":0,"rl":0,"rr":0},"boards":{"vf":3967,"vr":3970,"tf":359,"tr":367},"vehicle":{"gear":"N","low":false,"high":false,"il":false,"ir":false}}
{"type":"status","t":0,"s":0,"torque":{"fl":0,"fr":0,"rl":0,"rr":0},"curr":{"fl":6,"fr":14,"rl":6,"rr":4},"vel": {"fl":0,"fr":0,"rl":0,"rr":0},"boards":{"vf":3967,"vr":3970,"tf":359,"tr":367},"vehicle":{"gear":"N","low":false,"high":false,"il":false,"ir":false}}
{"type":"status","t":0,"s":0,"torque":{"fl":0,"fr":0,"rl":0,"rr":0},"curr":{"fl":-14,"fr":-8,"rl":6,"rr":6},"vel": {"fl":0,"fr":0,"rl":0,"rr":0},"boards":{"vf":3970,"vr":3970,"tf":359,"tr":367},"vehicle":{"gear":"N","low":false,"high":false,"il":false,"ir":false}}
{"type":"status","t":0,"s":0,"torque":{"fl":0,"fr":0,"rl":0,"rr":0},"curr":{"fl":28,"fr":28,"rl":4,"rr":4},"vel": {"fl":0,"fr":0,"rl":0,"rr":0},"boards":{"vf":3970,"vr":3970,"tf":359,"tr":367},"vehicle":{"gear":"N","low":false,"high":false,"il":false,"ir":false}}
{"type":"status","t":0,"s":0,"torque":{"fl":0,"fr":0,"rl":0,"rr":0},"curr":{"fl":-16,"fr":-2,"rl":4,"rr":4},"vel": {"fl":0,"fr":0,"rl":0,"rr":0},"boards":{"vf":3967,"vr":3970,"tf":359,"tr":367},"vehicle":{"gear":"N","low":false,"high":false,"il":false,"ir":false}}
{"type":"status","t":0,"s":0,"torque":{"fl":0,"fr":0,"rl":0,"rr":0},"curr":{"fl":6,"fr":14,"rl":4,"rr":0},"vel": {"fl":0,"fr":0,"rl":0,"rr":0},"boards":{"vf":3967,"vr":3970,"tf":359,"tr":367},"vehicle":{"gear":"N","low":false,"high":false,"il":false,"ir":false}}
{"type":"status","t":0,"s":0,"torque":{"fl":0,"fr":0,"rl":0,"rr":0},"curr":{"fl":8,"fr":14,"rl":4,"rr":4},"vel": {"fl":0,"fr":0,"rl":0,"rr":0},"boards":{"vf":3967,"vr":3970,"tf":359,"tr":367},"vehicle":{"gear":"N","low":false,"high":false,"il":false,"ir":false}}
{"type":"status","t":0,"s":0,"torque":{"fl":0,"fr":0,"rl":0,"rr":0},"curr":{"fl":6,"fr":16,"rl":6,"rr":4},"vel": {"fl":0,"fr":0,"rl":0,"rr":0},"boards":{"vf":3967,"vr":3970,"tf":359,"tr":367},"vehicle":{"gear":"N","low":false,"high":false,"il":false,"ir":false}}
{"type":"status","t":0,"s":0,"torque":{"fl":0,"fr":0,"rl":0,"rr":0},"curr":{"fl":8,"fr":14,"rl":4,"rr":6},"vel": {"fl":0,"fr":0,"rl":0,"rr":0},"boards":{"vf":3970,"vr":3970,"tf":359,"tr":367},"vehicle":{"gear":"N","low":false,"high":false,"il":false,"ir":false}}
{"type":"status","t":0,"s":0,"torque":{"fl":0,"fr":0,"rl":0,"rr":0},"curr":{"fl":6,"fr":14,"rl":6,"rr":6},"vel": {"fl":0,"fr":0,"rl":0,"rr":0},"boards":{"vf":3970,"vr":3970,"tf":359,"tr":367},"vehicle":{"gear":"N","low":false,"high":false,"il":false,"ir":false}}
{"type":"status","t":0,"s":0,"torque":{"fl":0,"fr":0,"rl":0,"rr":0},"curr":{"fl":6,"fr":14,"rl":4,"rr":4},"vel": {"fl":0,"fr":0,"rl":0,"rr":0},"boards":{"vf":3970,"vr":3970,"tf":359,"tr":367},"vehicle":{"gear":"N","low":false,"high":false,"il":false,"ir":false}}
{"type":"status","t":0,"s":0,"torque":{"fl":0,"fr":0,"rl":0,"rr":0},"curr":{"fl":6,"fr":14,"rl":6,"rr":4},"vel": {"fl":0,"fr":0,"rl":0,"rr":0},"boards":{"vf":3970,"vr":3970,"tf":359,"tr":367},"vehicle":{"gear":"N","low":false,"high":false,"il":false,"ir":false}}
{"type":"status","t":0,"s":0,"torque":{"fl":0,"fr":0,"rl":0,"rr":0},"curr":{"fl":8,"fr":14,"rl":6,"rr":6},"vel": {"fl":0,"fr":0,"rl":0,"rr":0},"boards":{"vf":3970,"vr":3970,"tf":359,"tr":367},"vehicle":{"gear":"N","low":false,"high":false,"il":false,"ir":false}}
{"type":"status","t":0,"s":0,"torque":{"fl":0,"fr":0,"rl":0,"rr":0},"curr":{"fl":4,"fr":16,"rl":2,"rr":4},"vel": {"fl":0,"fr":0,"rl":0,"rr":0},"boards":{"vf":3970,"vr":3970,"tf":359,"tr":369},"vehicle":{"gear":"N","low":false,"high":false,"il":false,"ir":false}}
{"type":"status","t":0,"s":0,"torque":{"fl":0,"fr":0,"rl":0,"rr":0},"curr":{"fl":8,"fr":14,"rl":4,"rr":2},"vel": {"fl":0,"fr":0,"rl":0,"rr":0},"boards":{"vf":3970,"vr":3970,"tf":359,"tr":369},"vehicle":{"gear":"N","low":false,"high":false,"il":false,"ir":false}}
{"type":"status","t":0,"s":0,"torque":{"fl":0,"fr":0,"rl":0,"rr":0},"curr":{"fl":26,"fr":28,"rl":4,"rr":6},"vel": {"fl":0,"fr":0,"rl":0,"rr":0},"boards":{"vf":3970,"vr":3970,"tf":359,"tr":369},"vehicle":{"gear":"N","low":false,"high":false,"il":false,"ir":false}}
{"type":"status","t":0,"s":0,"torque":{"fl":0,"fr":0,"rl":0,"rr":0},"curr":{"fl":6,"fr":12,"rl":4,"rr":4},"vel": {"fl":0,"fr":0,"rl":0,"rr":0},"boards":{"vf":3970,"vr":3970,"tf":359,"tr":369},"vehicle":{"gear":"N","low":false,"high":false,"il":false,"ir":false}}
{"type":"status","t":0,"s":0,"torque":{"fl":0,"fr":0,"rl":0,"rr":0},"curr":{"fl":6,"fr":14,"rl":4,"rr":6},"vel": {"fl":0,"fr":0,"rl":0,"rr":0},"boards":{"vf":3967,"vr":3970,"tf":359,"tr":369},"vehicle":{"gear":"N","low":false,"high":false,"il":false,"ir":false}}
{"type":"status","t":0,"s":0,"torque":{"fl":0,"fr":0,"rl":0,"rr":0},"curr":{"fl":-14,"fr":-2,"rl":4,"rr":4},"vel": {"fl":0,"fr":0,"rl":0,"rr":0},"boards":{"vf":3967,"vr":3970,"tf":359,"tr":369},"vehicle":{"gear":"N","low":false,"high":false,"il":false,"ir":false}}
{"type":"status","t":0,"s":0,"torque":{"fl":0,"fr":0,"rl":0,"rr":0},"curr":{"fl":8,"fr":16,"rl":4,"rr":4},"vel": {"fl":0,"fr":0,"rl":0,"rr":0},"boards":{"vf":3967,"vr":3970,"tf":359,"tr":369},"vehicle":{"gear":"N","low":false,"high":false,"il":false,"ir":false}}
{"type":"status","t":0,"s":0,"torque":{"fl":0,"fr":0,"rl":0,"rr":0},"curr":{"fl":6,"fr":14,"rl":4,"rr":4},"vel": {"fl":0,"fr":0,"rl":0,"rr":0},"boards":{"vf":3967,"vr":3970,"tf":359,"tr":369},"vehicle":{"gear":"N","low":false,"high":false,"il":false,"ir":false}}
{"type":"status","t":0,"s":0,"torque":{"fl":0,"fr":0,"rl":0,"rr":0},"curr":{"fl":6,"fr":14,"rl":6,"rr":4},"vel": {"fl":0,"fr":0,"rl":0,"rr":0},"boards":{"vf":3967,"vr":3970,"tf":359,"tr":369},"vehicle":{"gear":"N","low":false,"high":false,"il":false,"ir":false}}
{"type":"status","t":0,"s":0,"torque":{"fl":0,"fr":0,"rl":0,"rr":0},"curr":{"fl":6,"fr":16,"rl":-2,"rr":12},"vel": {"fl":0,"fr":0,"rl":0,"rr":0},"boards":{"vf":3967,"vr":3970,"tf":361,"tr":369},"vehicle":{"gear":"N","low":false,"high":false,"il":false,"ir":false}}
{"type":"status","t":0,"s":0,"torque":{"fl":0,"fr":0,"rl":0,"rr":0},"curr":{"fl":-16,"fr":-2,"rl":6,"rr":2},"vel": {"fl":0,"fr":0,"rl":0,"rr":0},"boards":{"vf":3967,"vr":3970,"tf":361,"tr":369},"vehicle":{"gear":"N","low":false,"high":false,"il":false,"ir":false}}
{"type":"status","t":0,"s":0,"torque":{"fl":0,"fr":0,"rl":0,"rr":0},"curr":{"fl":-14,"fr":-6,"rl":4,"rr":4},"vel": {"fl":0,"fr":0,"rl":0,"rr":0},"boards":{"vf":3967,"vr":3970,"tf":361,"tr":369},"vehicle":{"gear":"N","low":false,"high":false,"il":false,"ir":false}}
{"type":"status","t":0,"s":0,"torque":{"fl":0,"fr":0,"rl":0,"rr":0},"curr":{"fl":-14,"fr":2,"rl":4,"rr":4},"vel": {"fl":0,"fr":0,"rl":0,"rr":0},"boards":{"vf":3967,"vr":3970,"tf":361,"tr":369},"vehicle":{"gear":"N","low":false,"high":false,"il":false,"ir":false}}
{"type":"status","t":0,"s":0,"torque":{"fl":0,"fr":0,"rl":0,"rr":0},"curr":{"fl":6,"fr":14,"rl":-4,"rr":12},"vel": {"fl":0,"fr":0,"rl":0,"rr":0},"boards":{"vf":3967,"vr":3970,"tf":361,"tr":369},"vehicle":{"gear":"N","low":false,"high":false,"il":false,"ir":false}}
{"type":"status","t":0,"s":0,"torque":{"fl":0,"fr":0,"rl":0,"rr":0},"curr":{"fl":8,"fr":14,"rl":4,"rr":2},"vel": {"fl":0,"fr":0,"rl":0,"rr":0},"boards":{"vf":3967,"vr":3970,"tf":361,"tr":369},"vehicle":{"gear":"N","low":false,"high":false,"il":false,"ir":false}}
{"type":"status","t":0,"s":0,"torque":{"fl":0,"fr":0,"rl":0,"rr":0},"curr":{"fl":-16,"fr":-2,"rl":6,"rr":4},"vel": {"fl":0,"fr":0,"rl":0,"rr":0},"boards":{"vf":3967,"vr":3970,"tf":361,"tr":369},"vehicle":{"gear":"N","low":false,"high":false,"il":false,"ir":false}}
{"type":"status","t":0,"s":0,"torque":{"fl":0,"fr":0,"rl":0,"rr":0},"curr":{"fl":8,"fr":16,"rl":4,"rr":6},"vel": {"fl":0,"fr":0,"rl":0,"rr":0},"boards":{"vf":3967,"vr":3970,"tf":361,"tr":369},"vehicle":{"gear":"N","low":false,"high":false,"il":false,"ir":false}}
{"type":"status","t":0,"s":0,"torque":{"fl":0,"fr":0,"rl":0,"rr":0},"curr":{"fl":6,"fr":16,"rl":4,"rr":4},"vel": {"fl":0,"fr":0,"rl":0,"rr":0},"boards":{"vf":3967,"vr":3970,"tf":361,"tr":369},"vehicle":{"gear":"N","low":false,"high":false,"il":false,"ir":false}}
{"type":"status","t":0,"s":0,"torque":{"fl":0,"fr":0,"rl":0,"rr":0},"curr":{"fl":6,"fr":16,"rl":4,"rr":0},"vel": {"fl":0,"fr":0,"rl":0,"rr":0},"boards":{"vf":3967,"vr":3970,"tf":361,"tr":369},"vehicle":{"gear":"N","low":false,"high":false,"il":false,"ir":false}}
{"type":"status","t":0,"s":0,"torque":{"fl":0,"fr":0,"rl":0,"rr":0},"curr":{"fl":6,"fr":14,"rl":4,"rr":2},"vel": {"fl":0,"fr":0,"rl":0,"rr":0},"boards":{"vf":3967,"vr":3970,"tf":361,"tr":369},"vehicle":{"gear":"N","low":false,"high":false,"il":false,"ir":false}}
{"type":"status","t":0,"s":0,"torque":{"fl":0,"fr":0,"rl":0,"rr":0},"curr":{"fl":-16,"fr":-2,"rl":6,"rr":6},"vel": {"fl":0,"fr":0,"rl":0,"rr":0},"boards":{"vf":3967,"vr":3970,"tf":361,"tr":369},"vehicle":{"gear":"N","low":false,"high":false,"il":false,"ir":false}}
{"type":"status","t":-600,"s":0,"torque":{"fl":0,"fr":0,"rl":0,"rr":0},"curr":{"fl":8,"fr":16,"rl":6,"rr":6},"vel": {"fl":0,"fr":0,"rl":0,"rr":0},"boards":{"vf":3967,"vr":3970,"tf":361,"tr":369},"vehicle":{"gear":"N","low":false,"high":false,"il":false,"ir":false}}
{"type":"status","t":-724,"s":0,"torque":{"fl":0,"fr":0,"rl":0,"rr":0},"curr":{"fl":6,"fr":14,"rl":-4,"rr":12},"vel": {"fl":0,"fr":0,"rl":0,"rr":0},"boards":{"vf":3967,"vr":3970,"tf":361,"tr":369},"vehicle":{"gear":"N","low":false,"high":false,"il":false,"ir":false}}
{"type":"status","t":-764,"s":0,"torque":{"fl":0,"fr":0,"rl":0,"rr":0},"curr":{"fl":8,"fr":16,"rl":2,"rr":0},"vel": {"fl":0,"fr":0,"rl":0,"rr":0},"boards":{"vf":3970,"vr":3970,"tf":361,"tr":369},"vehicle":{"gear":"N","low":false,"high":false,"il":false,"ir":false}}
{"type":"status","t":-766,"s":0,"torque":{"fl":0,"fr":0,"rl":0,"rr":0},"curr":{"fl":8,"fr":14,"rl":4,"rr":4},"vel": {"fl":0,"fr":0,"rl":0,"rr":0},"boards":{"vf":3970,"vr":3970,"tf":361,"tr":369},"vehicle":{"gear":"N","low":false,"high":false,"il":false,"ir":false}}
{"type":"status","t":-764,"s":0,"torque":{"fl":0,"fr":0,"rl":0,"rr":0},"curr":{"fl":6,"fr":16,"rl":4,"rr":6},"vel": {"fl":0,"fr":0,"rl":0,"rr":0},"boards":{"vf":3970,"vr":3970,"tf":361,"tr":369},"vehicle":{"gear":"N","low":false,"high":false,"il":false,"ir":false}}
{"type":"status","t":-764,"s":0,"torque":{"fl":0,"fr":0,"rl":0,"rr":0},"curr":{"fl":6,"fr":14,"rl":4,"rr":6},"vel": {"fl":0,"fr":0,"rl":0,"rr":0},"boards":{"vf":3970,"vr":3970,"tf":361,"tr":369},"vehicle":{"gear":"N","low":false,"high":false,"il":false,"ir":false}}
{"type":"status","t":-766,"s":0,"torque":{"fl":0,"fr":0,"rl":0,"rr":0},"curr":{"fl":6,"fr":14,"rl":4,"rr":2},"vel": {"fl":0,"fr":0,"rl":0,"rr":0},"boards":{"vf":3967,"vr":3970,"tf":361,"tr":369},"vehicle":{"gear":"N","low":false,"high":false,"il":false,"ir":false}}
{"type":"status","t":-764,"s":0,"torque":{"fl":0,"fr":0,"rl":0,"rr":0},"curr":{"fl":-12,"fr":-6,"rl":4,"rr":6},"vel": {"fl":0,"fr":0,"rl":0,"rr":0},"boards":{"vf":3967,"vr":3970,"tf":361,"tr":369},"vehicle":{"gear":"N","low":false,"high":false,"il":false,"ir":false}}
{"type":"status","t":-764,"s":0,"torque":{"fl":0,"fr":0,"rl":0,"rr":0},"curr":{"fl":-14,"fr":-6,"rl":4,"rr":4},"vel": {"fl":0,"fr":0,"rl":0,"rr":0},"boards":{"vf":3967,"vr":3970,"tf":361,"tr":369},"vehicle":{"gear":"N","low":false,"high":false,"il":false,"ir":false}}
{"type":"status","t":-766,"s":0,"torque":{"fl":0,"fr":0,"rl":0,"rr":0},"curr":{"fl":6,"fr":16,"rl":4,"rr":4},"vel": {"fl":0,"fr":0,"rl":0,"rr":0},"boards":{"vf":3967,"vr":3970,"tf":361,"tr":369},"vehicle":{"gear":"N","low":false,"high":false,"il":false,"ir":false}}
{"type":"status","t":-710,"s":0,"torque":{"fl":0,"fr":0,"rl":0,"rr":0},"curr":{"fl":8,"fr":14,"rl":4,"rr":4},"vel": {"fl":0,"fr":0,"rl":0,"rr":0},"boards":{"vf":3967,"vr":3970,"tf":361,"tr":369},"vehicle":{"gear":"N","low":false,"high":false,"il":false,"ir":false}}
{"type":"status","t":0,"s":0,"torque":{"fl":0,"fr":0,"rl":0,"rr":0},"curr":{"fl":-16,"fr":-2,"rl":4,"rr":4},"vel": {"fl":0,"fr":0,"rl":0,"rr":0},"boards":{"vf":3967,"vr":3970,"tf":361,"tr":369},"vehicle":{"gear":"N","low":false,"high":false,"il":false,"ir":false}}
{"type":"status","t":0,"s":0,"torque":{"fl":0,"fr":0,"rl":0,"rr":0},"curr":{"fl":6,"fr":14,"rl":4,"rr":4},"vel": {"fl":0,"fr":0,"rl":0,"rr":0},"boards":{"vf":3967,"vr":3970,"tf":361,"tr":369},"vehicle":{"gear":"N","low":false,"high":false,"il":false,"ir":false}}
{"type":"status","t":0,"s":0,"torque":{"fl":0,"fr":0,"rl":0,"rr":0},"curr":{"fl":16,"fr":8,"rl":4,"rr":6},"vel": {"fl":0,"fr":0,"rl":0,"rr":0},"boards":{"vf":3967,"vr":3970,"tf":361,"tr":369},"vehicle":{"gear":"N","low":false,"high":false,"il":false,"ir":false}}
{"type":"status","t":0,"s":0,"torque":{"fl":0,"fr":0,"rl":0,"rr":0},"curr":{"fl":6,"fr":14,"rl":6,"rr":4},"vel": {"fl":0,"fr":0,"rl":0,"rr":0},"boards":{"vf":3967,"vr":3970,"tf":361,"tr":369},"vehicle":{"gear":"N","low":false,"high":false,"il":false,"ir":false}}
{"type":"status","t":0,"s":0,"torque":{"fl":0,"fr":0,"rl":0,"rr":0},"curr":{"fl":-14,"fr":-6,"rl":4,"rr":6},"vel": {"fl":0,"fr":0,"rl":0,"rr":0},"boards":{"vf":3967,"vr":3970,"tf":361,"tr":369},"vehicle":{"gear":"N","low":false,"high":false,"il":false,"ir":false}}
{"type":"status","t":0,"s":0,"torque":{"fl":0,"fr":0,"rl":0,"rr":0},"curr":{"fl":8,"fr":16,"rl":6,"rr":6},"vel": {"fl":0,"fr":0,"rl":0,"rr":0},"boards":{"vf":3967,"vr":3970,"tf":361,"tr":369},"vehicle":{"gear":"N","low":false,"high":false,"il":false,"ir":false}}
{"type":"status","t":0,"s":0,"torque":{"fl":0,"fr":0,"rl":0,"rr":0},"curr":{"fl":6,"fr":14,"rl":6,"rr":6},"vel": {"fl":0,"fr":0,"rl":0,"rr":0},"boards":{"vf":3967,"vr":3970,"tf":361,"tr":369},"vehicle":{"gear":"N","low":false,"high":false,"il":false,"ir":false}}
{"type":"status","t":0,"s":0,"torque":{"fl":0,"fr":0,"rl":0,"rr":0},"curr":{"fl":8,"fr":16,"rl":-4,"rr":10},"vel": {"fl":0,"fr":0,"rl":0,"rr":0},"boards":{"vf":3967,"vr":3970,"tf":361,"tr":369},"vehicle":{"gear":"N","low":false,"high":false,"il":false,"ir":false}}
{"type":"status","t":-466,"s":0,"torque":{"fl":0,"fr":0,"rl":0,"rr":0},"curr":{"fl":4,"fr":14,"rl":4,"rr":2},"vel": {"fl":0,"fr":0,"rl":0,"rr":0},"boards":{"vf":3967,"vr":3970,"tf":361,"tr":369},"vehicle":{"gear":"N","low":false,"high":false,"il":false,"ir":false}}
{"type":"status","t":-256,"s":0,"torque":{"fl":0,"fr":0,"rl":0,"rr":0},"curr":{"fl":4,"fr":2,"rl":4,"rr":2},"vel": {"fl":0,"fr":0,"rl":0,"rr":0},"boards":{"vf":3967,"vr":3970,"tf":361,"tr":369},"vehicle":{"gear":"N","low":false,"high":false,"il":false,"ir":false}}
{"type":"status","t":0,"s":0,"torque":{"fl":0,"fr":0,"rl":0,"rr":0},"curr":{"fl":8,"fr":14,"rl":4,"rr":4},"vel": {"fl":0,"fr":0,"rl":0,"rr":0},"boards":{"vf":3967,"vr":3970,"tf":361,"tr":369},"vehicle":{"gear":"N","low":false,"high":false,"il":false,"ir":false}}
{"type":"status","t":-788,"s":0,"torque":{"fl":0,"fr":0,"rl":0,"rr":0},"curr":{"fl":-16,"fr":-2,"rl":4,"rr":6},"vel": {"fl":0,"fr":0,"rl":0,"rr":0},"boards":{"vf":3967,"vr":3970,"tf":361,"tr":369},"vehicle":{"gear":"N","low":false,"high":false,"il":false,"ir":false}}
{"type":"status","t":-114,"s":0,"torque":{"fl":0,"fr":0,"rl":0,"rr":0},"curr":{"fl":6,"fr":14,"rl":-4,"rr":10},"vel": {"fl":0,"fr":0,"rl":0,"rr":0},"boards":{"vf":3967,"vr":3970,"tf":361,"tr":369},"vehicle":{"gear":"N","low":false,"high":false,"il":false,"ir":false}}
{"type":"status","t":0,"s":0,"torque":{"fl":0,"fr":0,"rl":0,"rr":0},"curr":{"fl":6,"fr":14,"rl":4,"rr":2},"vel": {"fl":0,"fr":0,"rl":0,"rr":0},"boards":{"vf":3967,"vr":3970,"tf":361,"tr":369},"vehicle":{"gear":"D","low":true,"high":false,"il":false,"ir":false}}
{"type":"status","t":0,"s":0,"torque":{"fl":0,"fr":0,"rl":0,"rr":0},"curr":{"fl":6,"fr":12,"rl":4,"rr":4},"vel": {"fl":0,"fr":0,"rl":0,"rr":0},"boards":{"vf":3967,"vr":3970,"tf":361,"tr":369},"vehicle":{"gear":"D","low":true,"high":false,"il":false,"ir":false}}
{"type":"status","t":0,"s":0,"torque":{"fl":0,"fr":0,"rl":0,"rr":0},"curr":{"fl":8,"fr":16,"rl":6,"rr":6},"vel": {"fl":0,"fr":0,"rl":0,"rr":0},"boards":{"vf":3967,"vr":3970,"tf":361,"tr":369},"vehicle":{"gear":"D","low":true,"high":false,"il":false,"ir":false}}
{"type":"status","t":0,"s":0,"torque":{"fl":0,"fr":0,"rl":0,"rr":0},"curr":{"fl":-12,"fr":-8,"rl":-6,"rr":10},"vel": {"fl":0,"fr":0,"rl":0,"rr":0},"boards":{"vf":3967,"vr":3970,"tf":361,"tr":369},"vehicle":{"gear":"D","low":true,"high":false,"il":false,"ir":false}}
{"type":"status","t":0,"s":0,"torque":{"fl":0,"fr":0,"rl":0,"rr":0},"curr":{"fl":6,"fr":14,"rl":2,"rr":-2},"vel": {"fl":0,"fr":0,"rl":0,"rr":0},"boards":{"vf":3967,"vr":3970,"tf":361,"tr":369},"vehicle":{"gear":"D","low":true,"high":false,"il":false,"ir":false}}
{"type":"status","t":0,"s":0,"torque":{"fl":0,"fr":0,"rl":0,"rr":0},"curr":{"fl":6,"fr":14,"rl":4,"rr":4},"vel": {"fl":0,"fr":0,"rl":0,"rr":0},"boards":{"vf":3967,"vr":3970,"tf":361,"tr":369},"vehicle":{"gear":"D","low":true,"high":false,"il":false,"ir":false}}
{"type":"status","t":0,"s":0,"torque":{"fl":0,"fr":0,"rl":0,"rr":0},"curr":{"fl":6,"fr":14,"rl":4,"rr":4},"vel": {"fl":0,"fr":0,"rl":0,"rr":0},"boards":{"vf":3967,"vr":3970,"tf":361,"tr":369},"vehicle":{"gear":"D","low":true,"high":false,"il":false,"ir":false}}
{"type":"status","t":0,"s":0,"torque":{"fl":0,"fr":0,"rl":0,"rr":0},"curr":{"fl":6,"fr":14,"rl":6,"rr":4},"vel": {"fl":0,"fr":0,"rl":0,"rr":0},"boards":{"vf":3967,"vr":3970,"tf":361,"tr":369},"vehicle":{"gear":"D","low":true,"high":false,"il":false,"ir":false}}
{"type":"status","t":0,"s":0,"torque":{"fl":0,"fr":0,"rl":0,"rr":0},"curr":{"fl":-4,"fr":10,"rl":4,"rr":2},"vel": {"fl":0,"fr":0,"rl":0,"rr":0},"boards":{"vf":3967,"vr":3970,"tf":361,"tr":369},"vehicle":{"gear":"D","low":true,"high":false,"il":false,"ir":false}}
{"type":"status","t":68,"s":0,"torque":{"fl":28,"fr":28,"rl":26,"rr":26},"curr":{"fl":8,"fr":16,"rl":6,"rr":4},"vel": {"fl":0,"fr":0,"rl":0,"rr":0},"boards":{"vf":3967,"vr":3970,"tf":361,"tr":369},"vehicle":{"gear":"D","low":true,"high":false,"il":false,"ir":false}}
{"type":"status","t":114,"s":0,"torque":{"fl":45,"fr":45,"rl":45,"rr":45},"curr":{"fl":8,"fr":16,"rl":6,"rr":6},"vel": {"fl":0,"fr":0,"rl":11,"rr":0},"boards":{"vf":3967,"vr":3970,"tf":363,"tr":369},"vehicle":{"gear":"D","low":true,"high":false,"il":false,"ir":false}}
{"type":"status","t":294,"s":0,"torque":{"fl":100,"fr":100,"rl":134,"rr":134},"curr":{"fl":6,"fr":14,"rl":4,"rr":8},"vel": {"fl":0,"fr":5,"rl":11,"rr":0},"boards":{"vf":3967,"vr":3970,"tf":361,"tr":369},"vehicle":{"gear":"D","low":true,"high":false,"il":false,"ir":false}}
{"type":"status","t":306,"s":0,"torque":{"fl":103,"fr":103,"rl":141,"rr":141},"curr":{"fl":6,"fr":16,"rl":2,"rr":12},"vel": {"fl":0,"fr":0,"rl":0,"rr":0},"boards":{"vf":3967,"vr":3970,"tf":361,"tr":369},"vehicle":{"gear":"D","low":true,"high":false,"il":false,"ir":false}}
{"type":"status","t":310,"s":0,"torque":{"fl":104,"fr":104,"rl":143,"rr":143},"curr":{"fl":8,"fr":14,"rl":18,"rr":14},"vel": {"fl":7,"fr":7,"rl":50,"rr":56},"boards":{"vf":3967,"vr":3970,"tf":361,"tr":369},"vehicle":{"gear":"D","low":true,"high":false,"il":false,"ir":false}}
{"type":"status","t":368,"s":0,"torque":{"fl":116,"fr":116,"rl":61,"rr":61},"curr":{"fl":-10,"fr":-4,"rl":20,"rr":24},"vel": {"fl":27,"fr":46,"rl":103,"rr":122},"boards":{"vf":3967,"vr":3970,"tf":361,"tr":369},"vehicle":{"gear":"D","low":true,"high":false,"il":false,"ir":false}}
{"type":"status","t":356,"s":0,"torque":{"fl":114,"fr":114,"rl":42,"rr":42},"curr":{"fl":-8,"fr":0,"rl":18,"rr":18},"vel": {"fl":55,"fr":67,"rl":139,"rr":156},"boards":{"vf":3964,"vr":3967,"tf":363,"tr":369},"vehicle":{"gear":"D","low":true,"high":false,"il":false,"ir":false}}
{"type":"status","t":356,"s":0,"torque":{"fl":114,"fr":114,"rl":42,"rr":42},"curr":{"fl":12,"fr":22,"rl":16,"rr":16},"vel": {"fl":94,"fr":110,"rl":149,"rr":173},"boards":{"vf":3962,"vr":3964,"tf":361,"tr":369},"vehicle":{"gear":"D","low":true,"high":false,"il":false,"ir":false}}
{"type":"status","t":350,"s":0,"torque":{"fl":113,"fr":113,"rl":108,"rr":41},"curr":{"fl":-8,"fr":14,"rl":14,"rr":14},"vel": {"fl":123,"fr":144,"rl":148,"rr":184},"boards":{"vf":3962,"vr":3964,"tf":361,"tr":371},"vehicle":{"gear":"D","low":true,"high":false,"il":false,"ir":false}}
{"type":"status","t":350,"s":0,"torque":{"fl":113,"fr":113,"rl":166,"rr":125},"curr":{"fl":-2,"fr":16,"rl":26,"rr":20},"vel": {"fl":148,"fr":178,"rl":170,"rr":188},"boards":{"vf":3959,"vr":3962,"tf":363,"tr":369},"vehicle":{"gear":"D","low":true,"high":false,"il":false,"ir":false}}
{"type":"status","t":350,"s":0,"torque":{"fl":113,"fr":113,"rl":166,"rr":166},"curr":{"fl":18,"fr":36,"rl":42,"rr":44},"vel": {"fl":178,"fr":211,"rl":223,"rr":216},"boards":{"vf":3957,"vr":3959,"tf":361,"tr":369},"vehicle":{"gear":"D","low":true,"high":false,"il":false,"ir":false}}
{"type":"status","t":346,"s":0,"torque":{"fl":112,"fr":112,"rl":92,"rr":164},"curr":{"fl":0,"fr":22,"rl":74,"rr":52},"vel": {"fl":206,"fr":242,"rl":293,"rr":278},"boards":{"vf":3954,"vr":3957,"tf":363,"tr":369},"vehicle":{"gear":"D","low":true,"high":false,"il":false,"ir":false}}
{"type":"status","t":338,"s":0,"torque":{"fl":110,"fr":110,"rl":46,"rr":62},"curr":{"fl":18,"fr":30,"rl":58,"rr":70},"vel": {"fl":232,"fr":273,"rl":339,"rr":355},"boards":{"vf":3949,"vr":3952,"tf":363,"tr":369},"vehicle":{"gear":"D","low":true,"high":false,"il":false,"ir":false}}
{"type":"status","t":324,"s":0,"torque":{"fl":107,"fr":107,"rl":97,"rr":39},"curr":{"fl":2,"fr":28,"rl":56,"rr":50},"vel": {"fl":256,"fr":306,"rl":365,"rr":395},"boards":{"vf":3944,"vr":3947,"tf":363,"tr":369},"vehicle":{"gear":"D","low":true,"high":false,"il":false,"ir":false}}
{"type":"status","t":318,"s":0,"torque":{"fl":106,"fr":106,"rl":148,"rr":37},"curr":{"fl":14,"fr":60,"rl":62,"rr":48},"vel": {"fl":281,"fr":338,"rl":385,"rr":414},"boards":{"vf":3941,"vr":3944,"tf":363,"tr":371},"vehicle":{"gear":"D","low":true,"high":false,"il":false,"ir":false}}
{"type":"status","t":310,"s":0,"torque":{"fl":104,"fr":104,"rl":143,"rr":107},"curr":{"fl":16,"fr":22,"rl":88,"rr":50},"vel": {"fl":307,"fr":377,"rl":440,"rr":422},"boards":{"vf":3936,"vr":3939,"tf":363,"tr":371},"vehicle":{"gear":"D","low":true,"high":false,"il":false,"ir":false}}
{"type":"status","t":314,"s":0,"torque":{"fl":105,"fr":105,"rl":50,"rr":145},"curr":{"fl":28,"fr":66,"rl":120,"rr":68},"vel": {"fl":334,"fr":398,"rl":502,"rr":444},"boards":{"vf":3934,"vr":3934,"tf":363,"tr":371},"vehicle":{"gear":"D","low":true,"high":false,"il":false,"ir":false}}
{"type":"status","t":306,"s":0,"torque":{"fl":103,"fr":103,"rl":50,"rr":141},"curr":{"fl":30,"fr":42,"rl":84,"rr":48},"vel": {"fl":353,"fr":430,"rl":527,"rr":496},"boards":{"vf":3926,"vr":3926,"tf":363,"tr":371},"vehicle":{"gear":"D","low":true,"high":false,"il":false,"ir":false}}
{"type":"status","t":298,"s":0,"torque":{"fl":101,"fr":101,"rl":98,"rr":136},"curr":{"fl":62,"fr":92,"rl":46,"rr":62},"vel": {"fl":385,"fr":463,"rl":527,"rr":501},"boards":{"vf":3921,"vr":3921,"tf":363,"tr":371},"vehicle":{"gear":"D","low":true,"high":false,"il":false,"ir":false}}
{"type":"status","t":0,"s":0,"torque":{"fl":0,"fr":0,"rl":0,"rr":0},"curr":{"fl":44,"fr":102,"rl":48,"rr":56},"vel": {"fl":407,"fr":490,"rl":527,"rr":496},"boards":{"vf":3918,"vr":3918,"tf":363,"tr":371},"vehicle":{"gear":"D","low":true,"high":false,"il":false,"ir":false}}
{"type":"status","t":0,"s":0,"torque":{"fl":0,"fr":0,"rl":0,"rr":0},"curr":{"fl":42,"fr":94,"rl":58,"rr":52},"vel": {"fl":423,"fr":520,"rl":541,"rr":496},"boards":{"vf":3911,"vr":3911,"tf":363,"tr":371},"vehicle":{"gear":"D","low":true,"high":false,"il":false,"ir":false}}
{"type":"status","t":0,"s":0,"torque":{"fl":0,"fr":0,"rl":0,"rr":0},"curr":{"fl":38,"fr":64,"rl":46,"rr":30},"vel": {"fl":415,"fr":526,"rl":534,"rr":501},"boards":{"vf":3911,"vr":3908,"tf":363,"tr":371},"vehicle":{"gear":"D","low":true,"high":false,"il":false,"ir":false}}
{"type":"status","t":0,"s":0,"torque":{"fl":0,"fr":0,"rl":0,"rr":0},"curr":{"fl":38,"fr":42,"rl":52,"rr":58},"vel": {"fl":392,"fr":514,"rl":541,"rr":501},"boards":{"vf":3906,"vr":3906,"tf":363,"tr":371},"vehicle":{"gear":"D","low":true,"high":false,"il":false,"ir":false}}
{"type":"status","t":0,"s":0,"torque":{"fl":0,"fr":0,"rl":0,"rr":0},"curr":{"fl":14,"fr":24,"rl":64,"rr":44},"vel": {"fl":381,"fr":501,"rl":547,"rr":501},"boards":{"vf":3903,"vr":3901,"tf":363,"tr":371},"vehicle":{"gear":"D","low":true,"high":false,"il":false,"ir":false}}
{"type":"status","t":0,"s":0,"torque":{"fl":0,"fr":0,"rl":0,"rr":0},"curr":{"fl":20,"fr":32,"rl":66,"rr":56},"vel": {"fl":365,"fr":490,"rl":534,"rr":507},"boards":{"vf":3901,"vr":3901,"tf":363,"tr":371},"vehicle":{"gear":"D","low":true,"high":false,"il":false,"ir":false}}
{"type":"status","t":0,"s":0,"torque":{"fl":0,"fr":0,"rl":0,"rr":0},"curr":{"fl":-8,"fr":48,"rl":74,"rr":58},"vel": {"fl":339,"fr":474,"rl":541,"rr":501},"boards":{"vf":3898,"vr":3898,"tf":363,"tr":371},"vehicle":{"gear":"D","low":true,"high":false,"il":false,"ir":false}}
{"type":"status","t":0,"s":0,"torque":{"fl":0,"fr":0,"rl":0,"rr":0},"curr":{"fl":30,"fr":42,"rl":46,"rr":58},"vel": {"fl":326,"fr":458,"rl":541,"rr":507},"boards":{"vf":3895,"vr":3895,"tf":363,"tr":371},"vehicle":{"gear":"D","low":true,"high":false,"il":false,"ir":false}}
{"type":"status","t":0,"s":0,"torque":{"fl":0,"fr":0,"rl":0,"rr":0},"curr":{"fl":14,"fr":24,"rl":70,"rr":68},"vel": {"fl":303,"fr":439,"rl":541,"rr":501},"boards":{"vf":3893,"vr":3893,"tf":363,"tr":371},"vehicle":{"gear":"D","low":true,"high":false,"il":false,"ir":false}}
{"type":"status","t":-236,"s":0,"torque":{"fl":-44,"fr":-128,"rl":-60,"rr":-60},"curr":{"fl":10,"fr":20,"rl":64,"rr":44},"vel": {"fl":283,"fr":422,"rl":541,"rr":507},"boards":{"vf":3890,"vr":3890,"tf":363,"tr":371},"vehicle":{"gear":"D","low":true,"high":false,"il":false,"ir":false}}
{"type":"status","t":-374,"s":0,"torque":{"fl":-54,"fr":-85,"rl":-82,"rr":-82},"curr":{"fl":4,"fr":8,"rl":46,"rr":26},"vel": {"fl":254,"fr":387,"rl":541,"rr":501},"boards":{"vf":3888,"vr":3888,"tf":363,"tr":371},"vehicle":{"gear":"D","low":true,"high":false,"il":false,"ir":false}}
{"type":"status","t":-408,"s":0,"torque":{"fl":-60,"fr":-62,"rl":-86,"rr":-86},"curr":{"fl":-12,"fr":-14,"rl":12,"rr":14},"vel": {"fl":220,"fr":328,"rl":502,"rr":468},"boards":{"vf":3890,"vr":3888,"tf":363,"tr":371},"vehicle":{"gear":"D","low":true,"high":false,"il":false,"ir":false}}
{"type":"status","t":-432,"s":0,"torque":{"fl":-64,"fr":-64,"rl":-88,"rr":-88},"curr":{"fl":4,"fr":14,"rl":2,"rr":6},"vel": {"fl":179,"fr":270,"rl":454,"rr":422},"boards":{"vf":3890,"vr":3890,"tf":363,"tr":371},"vehicle":{"gear":"D","low":true,"high":false,"il":false,"ir":false}}
{"type":"status","t":-436,"s":0,"torque":{"fl":-64,"fr":-64,"rl":-88,"rr":-88},"curr":{"fl":-14,"fr":-2,"rl":4,"rr":0},"vel": {"fl":142,"fr":228,"rl":399,"rr":371},"boards":{"vf":3890,"vr":3890,"tf":363,"tr":371},"vehicle":{"gear":"D","low":true,"high":false,"il":false,"ir":false}}
{"type":"status","t":-438,"s":0,"torque":{"fl":-63,"fr":-63,"rl":-86,"rr":-86},"curr":{"fl":2,"fr":12,"rl":2,"rr":-2},"vel": {"fl":100,"fr":180,"rl":347,"rr":316},"boards":{"vf":3893,"vr":3893,"tf":363,"tr":371},"vehicle":{"gear":"D","low":true,"high":false,"il":false,"ir":false}}
{"type":"status","t":-438,"s":0,"torque":{"fl":-56,"fr":-56,"rl":-76,"rr":-76},"curr":{"fl":8,"fr":14,"rl":0,"rr":-2},"vel": {"fl":61,"fr":131,"rl":287,"rr":258},"boards":{"vf":3895,"vr":3893,"tf":363,"tr":371},"vehicle":{"gear":"D","low":true,"high":false,"il":false,"ir":false}}
{"type":"status","t":-436,"s":0,"torque":{"fl":-48,"fr":-48,"rl":-66,"rr":-66},"curr":{"fl":30,"fr":20,"rl":-4,"rr":-2},"vel": {"fl":19,"fr":89,"rl":225,"rr":200},"boards":{"vf":3895,"vr":3895,"tf":363,"tr":371},"vehicle":{"gear":"D","low":true,"high":false,"il":false,"ir":false}}
{"type":"status","t":-436,"s":0,"torque":{"fl":-38,"fr":-38,"rl":-51,"rr":-51},"curr":{"fl":6,"fr":16,"rl":0,"rr":2},"vel": {"fl":19,"fr":41,"rl":170,"rr":145},"boards":{"vf":3898,"vr":3895,"tf":363,"tr":371},"vehicle":{"gear":"D","low":true,"high":false,"il":false,"ir":false}}
{"type":"status","t":-436,"s":0,"torque":{"fl":-34,"fr":-34,"rl":-47,"rr":-47},"curr":{"fl":-12,"fr":-6,"rl":-4,"rr":6},"vel": {"fl":0,"fr":20,"rl":129,"rr":103},"boards":{"vf":3901,"vr":3898,"tf":363,"tr":369},"vehicle":{"gear":"D","low":true,"high":false,"il":false,"ir":false}}
{"type":"status","t":-436,"s":0,"torque":{"fl":-17,"fr":-17,"rl":-23,"rr":-23},"curr":{"fl":-12,"fr":-6,"rl":4,"rr":0},"vel": {"fl":0,"fr":-16,"rl":85,"rr":63},"boards":{"vf":3901,"vr":3898,"tf":363,"tr":369},"vehicle":{"gear":"D","low":true,"high":false,"il":false,"ir":false}}
{"type":"status","t":-436,"s":0,"torque":{"fl":-6,"fr":-6,"rl":-9,"rr":-9},"curr":{"fl":6,"fr":14,"rl":4,"rr":4},"vel": {"fl":0,"fr":-17,"rl":40,"rr":23},"boards":{"vf":3903,"vr":3901,"tf":363,"tr":369},"vehicle":{"gear":"D","low":true,"high":false,"il":false,"ir":false}}
{"type":"status","t":-436,"s":0,"torque":{"fl":-6,"fr":-6,"rl":-7,"rr":-7},"curr":{"fl":8,"fr":16,"rl":4,"rr":4},"vel": {"fl":0,"fr":0,"rl":21,"rr":13},"boards":{"vf":3903,"vr":3901,"tf":363,"tr":369},"vehicle":{"gear":"D","low":true,"high":false,"il":false,"ir":false}}
{"type":"status","t":-434,"s":0,"torque":{"fl":10,"fr":10,"rl":4,"rr":4},"curr":{"fl":6,"fr":14,"rl":4,"rr":4},"vel": {"fl":0,"fr":12,"rl":-20,"rr":-14},"boards":{"vf":3903,"vr":3903,"tf":363,"tr":369},"vehicle":{"gear":"D","low":true,"high":false,"il":false,"ir":false}}
{"type":"status","t":-434,"s":0,"torque":{"fl":-8,"fr":-8,"rl":-2,"rr":-2},"curr":{"fl":6,"fr":14,"rl":4,"rr":4},"vel": {"fl":0,"fr":13,"rl":0,"rr":0},"boards":{"vf":3906,"vr":3903,"tf":363,"tr":369},"vehicle":{"gear":"D","low":true,"high":false,"il":false,"ir":false}}
{"type":"status","t":-432,"s":0,"torque":{"fl":7,"fr":7,"rl":2,"rr":2},"curr":{"fl":10,"fr":16,"rl":4,"rr":4},"vel": {"fl":0,"fr":0,"rl":-11,"rr":0},"boards":{"vf":3906,"vr":3903,"tf":363,"tr":369},"vehicle":{"gear":"D","low":true,"high":false,"il":false,"ir":false}}
{"type":"status","t":0,"s":0,"torque":{"fl":0,"fr":0,"rl":0,"rr":0},"curr":{"fl":-16,"fr":-4,"rl":4,"rr":2},"vel": {"fl":0,"fr":0,"rl":12,"rr":0},"boards":{"vf":3908,"vr":3906,"tf":363,"tr":369},"vehicle":{"gear":"D","low":true,"high":false,"il":false,"ir":false}}
{"type":"status","t":0,"s":0,"torque":{"fl":0,"fr":0,"rl":0,"rr":0},"curr":{"fl":6,"fr":14,"rl":6,"rr":4},"vel": {"fl":0,"fr":0,"rl":0,"rr":0},"boards":{"vf":3908,"vr":3906,"tf":363,"tr":369},"vehicle":{"gear":"D","low":true,"high":false,"il":false,"ir":false}}
{"type":"status","t":0,"s":0,"torque":{"fl":0,"fr":0,"rl":0,"rr":0},"curr":{"fl":-10,"fr":-6,"rl":4,"rr":4},"vel": {"fl":0,"fr":0,"rl":6,"rr":0},"boards":{"vf":3911,"vr":3908,"tf":363,"tr":369},"vehicle":{"gear":"D","low":true,"high":false,"il":false,"ir":false}}
{"type":"status","t":0,"s":0,"torque":{"fl":0,"fr":0,"rl":0,"rr":0},"curr":{"fl":-12,"fr":-6,"rl":4,"rr":2},"vel": {"fl":0,"fr":0,"rl":7,"rr":0},"boards":{"vf":3911,"vr":3908,"tf":363,"tr":369},"vehicle":{"gear":"D","low":true,"high":false,"il":false,"ir":false}}
{"type":"status","t":0,"s":0,"torque":{"fl":0,"fr":0,"rl":0,"rr":0},"curr":{"fl":6,"fr":14,"rl":4,"rr":4},"vel": {"fl":0,"fr":0,"rl":0,"rr":0},"boards":{"vf":3911,"vr":3911,"tf":363,"tr":369},"vehicle":{"gear":"D","low":true,"high":false,"il":false,"ir":false}}
{"type":"status","t":0,"s":0,"torque":{"fl":0,"fr":0,"rl":0,"rr":0},"curr":{"fl":6,"fr":14,"rl":6,"rr":4},"vel": {"fl":0,"fr":0,"rl":0,"rr":0},"boards":{"vf":3913,"vr":3911,"tf":363,"tr":369},"vehicle":{"gear":"D","low":true,"high":false,"il":false,"ir":false}}
{"type":"status","t":-444,"s":0,"torque":{"fl":0,"fr":0,"rl":0,"rr":0},"curr":{"fl":4,"fr":14,"rl":4,"rr":4},"vel": {"fl":0,"fr":0,"rl":0,"rr":0},"boards":{"vf":3913,"vr":3911,"tf":363,"tr":369},"vehicle":{"gear":"D","low":true,"high":false,"il":false,"ir":false}}
{"type":"status","t":0,"s":0,"torque":{"fl":0,"fr":0,"rl":0,"rr":0},"curr":{"fl":6,"fr":14,"rl":2,"rr":4},"vel": {"fl":0,"fr":0,"rl":0,"rr":0},"boards":{"vf":3913,"vr":3913,"tf":365,"tr":369},"vehicle":{"gear":"D","low":true,"high":false,"il":false,"ir":false}}
{"type":"status","t":-288,"s":0,"torque":{"fl":0,"fr":0,"rl":0,"rr":0},"curr":{"fl":-16,"fr":-2,"rl":4,"rr":6},"vel": {"fl":0,"fr":0,"rl":0,"rr":0},"boards":{"vf":3913,"vr":3913,"tf":363,"tr":369},"vehicle":{"gear":"D","low":true,"high":false,"il":false,"ir":false}}
{"type":"status","t":-378,"s":0,"torque":{"fl":0,"fr":0,"rl":0,"rr":0},"curr":{"fl":6,"fr":16,"rl":4,"rr":0},"vel": {"fl":0,"fr":0,"rl":0,"rr":0},"boards":{"vf":3916,"vr":3913,"tf":365,"tr":369},"vehicle":{"gear":"D","low":true,"high":false,"il":false,"ir":false}}
{"type":"status","t":0,"s":0,"torque":{"fl":0,"fr":0,"rl":0,"rr":0},"curr":{"fl":8,"fr":14,"rl":4,"rr":4},"vel": {"fl":0,"fr":0,"rl":0,"rr":0},"boards":{"vf":3916,"vr":3913,"tf":365,"tr":371},"vehicle":{"gear":"R","low":false,"high":false,"il":false,"ir":false}}
{"type":"status","t":0,"s":0,"torque":{"fl":0,"fr":0,"rl":0,"rr":0},"curr":{"fl":8,"fr":16,"rl":4,"rr":4},"vel": {"fl":0,"fr":0,"rl":0,"rr":0},"boards":{"vf":3918,"vr":3916,"tf":365,"tr":371},"vehicle":{"gear":"R","low":false,"high":false,"il":false,"ir":false}}
{"type":"status","t":0,"s":0,"torque":{"fl":0,"fr":0,"rl":0,"rr":0},"curr":{"fl":6,"fr":12,"rl":6,"rr":4},"vel": {"fl":0,"fr":0,"rl":0,"rr":0},"boards":{"vf":3918,"vr":3916,"tf":365,"tr":371},"vehicle":{"gear":"R","low":false,"high":false,"il":false,"ir":false}}
{"type":"status","t":0,"s":0,"torque":{"fl":0,"fr":0,"rl":0,"rr":0},"curr":{"fl":6,"fr":14,"rl":4,"rr":6},"vel": {"fl":0,"fr":0,"rl":0,"rr":0},"boards":{"vf":3918,"vr":3916,"tf":365,"tr":371},"vehicle":{"gear":"R","low":false,"high":false,"il":false,"ir":false}}
{"type":"status","t":0,"s":0,"torque":{"fl":0,"fr":0,"rl":0,"rr":0},"curr":{"fl":-10,"fr":-8,"rl":4,"rr":4},"vel": {"fl":0,"fr":0,"rl":0,"rr":0},"boards":{"vf":3918,"vr":3918,"tf":365,"tr":371},"vehicle":{"gear":"R","low":false,"high":false,"il":false,"ir":false}}
{"type":"status","t":0,"s":0,"torque":{"fl":0,"fr":0,"rl":0,"rr":0},"curr":{"fl":8,"fr":14,"rl":6,"rr":2},"vel": {"fl":0,"fr":0,"rl":0,"rr":0},"boards":{"vf":3918,"vr":3918,"tf":365,"tr":371},"vehicle":{"gear":"R","low":false,"high":false,"il":false,"ir":false}}
{"type":"status","t":0,"s":0,"torque":{"fl":0,"fr":0,"rl":0,"rr":0},"curr":{"fl":6,"fr":14,"rl":4,"rr":6},"vel": {"fl":0,"fr":0,"rl":0,"rr":0},"boards":{"vf":3921,"vr":3921,"tf":365,"tr":371},"vehicle":{"gear":"R","low":false,"high":false,"il":false,"ir":false}}
{"type":"status","t":0,"s":0,"torque":{"fl":0,"fr":0,"rl":0,"rr":0},"curr":{"fl":-10,"fr":-6,"rl":4,"rr":6},"vel": {"fl":0,"fr":0,"rl":0,"rr":0},"boards":{"vf":3921,"vr":3921,"tf":365,"tr":371},"vehicle":{"gear":"R","low":false,"high":false,"il":false,"ir":false}}
{"type":"status","t":0,"s":0,"torque":{"fl":0,"fr":0,"rl":0,"rr":0},"curr":{"fl":6,"fr":14,"rl":4,"rr":2},"vel": {"fl":0,"fr":0,"rl":0,"rr":0},"boards":{"vf":3921,"vr":3921,"tf":365,"tr":371},"vehicle":{"gear":"R","low":false,"high":false,"il":false,"ir":false}}
{"type":"status","t":0,"s":0,"torque":{"fl":0,"fr":0,"rl":0,"rr":0},"curr":{"fl":8,"fr":16,"rl":6,"rr":6},"vel": {"fl":0,"fr":0,"rl":0,"rr":0},"boards":{"vf":3924,"vr":3921,"tf":365,"tr":371},"vehicle":{"gear":"R","low":false,"high":false,"il":false,"ir":false}}
{"type":"status","t":0,"s":0,"torque":{"fl":0,"fr":0,"rl":0,"rr":0},"curr":{"fl":8,"fr":16,"rl":4,"rr":6},"vel": {"fl":0,"fr":0,"rl":0,"rr":0},"boards":{"vf":3924,"vr":3924,"tf":365,"tr":371},"vehicle":{"gear":"R","low":false,"high":false,"il":false,"ir":false}}
{"type":"status","t":0,"s":0,"torque":{"fl":0,"fr":0,"rl":0,"rr":0},"curr":{"fl":10,"fr":16,"rl":-4,"rr":8},"vel": {"fl":0,"fr":0,"rl":0,"rr":0},"boards":{"vf":3924,"vr":3924,"tf":365,"tr":371},"vehicle":{"gear":"R","low":false,"high":false,"il":false,"ir":false}}
{"type":"status","t":0,"s":0,"torque":{"fl":0,"fr":0,"rl":0,"rr":0},"curr":{"fl":6,"fr":14,"rl":4,"rr":2},"vel": {"fl":0,"fr":0,"rl":0,"rr":0},"boards":{"vf":3924,"vr":3924,"tf":365,"tr":371},"vehicle":{"gear":"R","low":false,"high":false,"il":false,"ir":false}}
{"type":"status","t":0,"s":0,"torque":{"fl":0,"fr":0,"rl":0,"rr":0},"curr":{"fl":6,"fr":14,"rl":4,"rr":4},"vel": {"fl":0,"fr":0,"rl":0,"rr":0},"boards":{"vf":3926,"vr":3926,"tf":365,"tr":371},"vehicle":{"gear":"R","low":false,"high":false,"il":false,"ir":false}}
{"type":"status","t":0,"s":0,"torque":{"fl":0,"fr":0,"rl":0,"rr":0},"curr":{"fl":4,"fr":2,"rl":4,"rr":4},"vel": {"fl":0,"fr":0,"rl":0,"rr":0},"boards":{"vf":3926,"vr":3926,"tf":365,"tr":371},"vehicle":{"gear":"R","low":false,"high":false,"il":false,"ir":false}}
{"type":"status","t":-60,"s":0,"torque":{"fl":0,"fr":0,"rl":0,"rr":0},"curr":{"fl":6,"fr":14,"rl":6,"rr":6},"vel": {"fl":0,"fr":0,"rl":0,"rr":0},"boards":{"vf":3926,"vr":3926,"tf":365,"tr":371},"vehicle":{"gear":"R","low":false,"high":false,"il":false,"ir":false}}
{"type":"status","t":-456,"s":0,"torque":{"fl":0,"fr":0,"rl":0,"rr":0},"curr":{"fl":6,"fr":14,"rl":-4,"rr":10},"vel": {"fl":0,"fr":0,"rl":0,"rr":0},"boards":{"vf":3926,"vr":3926,"tf":365,"tr":371},"vehicle":{"gear":"R","low":false,"high":false,"il":false,"ir":false}}
{"type":"status","t":0,"s":0,"torque":{"fl":0,"fr":0,"rl":0,"rr":0},"curr":{"fl":4,"fr":16,"rl":4,"rr":2},"vel": {"fl":0,"fr":0,"rl":0,"rr":0},"boards":{"vf":3929,"vr":3929,"tf":365,"tr":371},"vehicle":{"gear":"R","low":false,"high":false,"il":false,"ir":false}}
{"type":"status","t":-434,"s":0,"torque":{"fl":0,"fr":0,"rl":0,"rr":0},"curr":{"fl":8,"fr":16,"rl":4,"rr":4},"vel": {"fl":0,"fr":0,"rl":0,"rr":0},"boards":{"vf":3929,"vr":3929,"tf":365,"tr":371},"vehicle":{"gear":"R","low":false,"high":false,"il":false,"ir":false}}
{"type":"status","t":0,"s":0,"torque":{"fl":0,"fr":0,"rl":0,"rr":0},"curr":{"fl":6,"fr":14,"rl":4,"rr":6},"vel": {"fl":0,"fr":0,"rl":0,"rr":0},"boards":{"vf":3929,"vr":3929,"tf":365,"tr":371},"vehicle":{"gear":"D","low":true,"high":false,"il":false,"ir":false}}
{"type":"status","t":0,"s":0,"torque":{"fl":0,"fr":0,"rl":0,"rr":0},"curr":{"fl":6,"fr":14,"rl":-4,"rr":10},"vel": {"fl":0,"fr":0,"rl":0,"rr":0},"boards":{"vf":3929,"vr":3931,"tf":365,"tr":371},"vehicle":{"gear":"D","low":true,"high":false,"il":false,"ir":false}}
{"type":"status","t":0,"s":0,"torque":{"fl":0,"fr":0,"rl":0,"rr":0},"curr":{"fl":6,"fr":14,"rl":4,"rr":0},"vel": {"fl":0,"fr":0,"rl":0,"rr":0},"boards":{"vf":3929,"vr":3931,"tf":365,"tr":371},"vehicle":{"gear":"D","low":true,"high":false,"il":false,"ir":false}}
{"type":"status","t":0,"s":0,"torque":{"fl":0,"fr":0,"rl":0,"rr":0},"curr":{"fl":6,"fr":14,"rl":4,"rr":4},"vel": {"fl":0,"fr":0,"rl":0,"rr":0},"boards":{"vf":3929,"vr":3931,"tf":365,"tr":371},"vehicle":{"gear":"D","low":true,"high":false,"il":false,"ir":false}}
{"type":"status","t":0,"s":0,"torque":{"fl":0,"fr":0,"rl":0,"rr":0},"curr":{"fl":-14,"fr":-6,"rl":4,"rr":6},"vel": {"fl":0,"fr":0,"rl":0,"rr":0},"boards":{"vf":3929,"vr":3931,"tf":365,"tr":371},"vehicle":{"gear":"D","low":true,"high":false,"il":false,"ir":false}}
{"type":"status","t":0,"s":0,"torque":{"fl":0,"fr":0,"rl":0,"rr":0},"curr":{"fl":6,"fr":14,"rl":4,"rr":4},"vel": {"fl":0,"fr":0,"rl":0,"rr":0},"boards":{"vf":3931,"vr":3931,"tf":365,"tr":371},"vehicle":{"gear":"D","low":true,"high":false,"il":false,"ir":false}}
{"type":"status","t":0,"s":0,"torque":{"fl":0,"fr":0,"rl":0,"rr":0},"curr":{"fl":6,"fr":16,"rl":4,"rr":2},"vel": {"fl":0,"fr":0,"rl":0,"rr":0},"boards":{"vf":3931,"vr":3934,"tf":365,"tr":371},"vehicle":{"gear":"D","low":true,"high":false,"il":false,"ir":false}}
{"type":"status","t":0,"s":0,"torque":{"fl":0,"fr":0,"rl":0,"rr":0},"curr":{"fl":6,"fr":14,"rl":4,"rr":4},"vel": {"fl":0,"fr":0,"rl":0,"rr":0},"boards":{"vf":3931,"vr":3934,"tf":365,"tr":371},"vehicle":{"gear":"D","low":true,"high":false,"il":false,"ir":false}}
{"type":"status","t":0,"s":0,"torque":{"fl":0,"fr":0,"rl":0,"rr":0},"curr":{"fl":-16,"fr":-2,"rl":4,"rr":4},"vel": {"fl":0,"fr":0,"rl":0,"rr":0},"boards":{"vf":3931,"vr":3934,"tf":365,"tr":371},"vehicle":{"gear":"D","low":true,"high":false,"il":false,"ir":false}}
{"type":"status","t":0,"s":0,"torque":{"fl":0,"fr":0,"rl":0,"rr":0},"curr":{"fl":6,"fr":16,"rl":4,"rr":4},"vel": {"fl":0,"fr":0,"rl":0,"rr":0},"boards":{"vf":3931,"vr":3934,"tf":365,"tr":371},"vehicle":{"gear":"D","low":true,"high":false,"il":false,"ir":false}}
{"type":"status","t":0,"s":0,"torque":{"fl":0,"fr":0,"rl":0,"rr":0},"curr":{"fl":-18,"fr":-8,"rl":4,"rr":4},"vel": {"fl":0,"fr":0,"rl":0,"rr":0},"boards":{"vf":3931,"vr":3936,"tf":365,"tr":371},"vehicle":{"gear":"D","low":true,"high":false,"il":false,"ir":false}}
{"type":"status","t":0,"s":0,"torque":{"fl":0,"fr":0,"rl":0,"rr":0},"curr":{"fl":6,"fr":14,"rl":6,"rr":2},"vel": {"fl":0,"fr":0,"rl":0,"rr":0},"boards":{"vf":3934,"vr":3936,"tf":365,"tr":371},"vehicle":{"gear":"D","low":true,"high":false,"il":false,"ir":false}}
{"type":"status","t":0,"s":0,"torque":{"fl":0,"fr":0,"rl":0,"rr":0},"curr":{"fl":8,"fr":14,"rl":4,"rr":4},"vel": {"fl":0,"fr":0,"rl":0,"rr":0},"boards":{"vf":3934,"vr":3936,"tf":365,"tr":371},"vehicle":{"gear":"D","low":true,"high":false,"il":false,"ir":false}}
{"type":"status","t":0,"s":0,"torque":{"fl":0,"fr":0,"rl":0,"rr":0},"curr":{"fl":-16,"fr":-2,"rl":4,"rr":4},"vel": {"fl":0,"fr":0,"rl":0,"rr":0},"boards":{"vf":3934,"vr":3936,"tf":365,"tr":371},"vehicle":{"gear":"D","low":true,"high":false,"il":false,"ir":false}}
{"type":"status","t":0,"s":0,"torque":{"fl":0,"fr":0,"rl":0,"rr":0},"curr":{"fl":-16,"fr":-2,"rl":4,"rr":4},"vel": {"fl":0,"fr":0,"rl":0,"rr":0},"boards":{"vf":3934,"vr":3936,"tf":365,"tr":371},"vehicle":{"gear":"D","low":true,"high":false,"il":false,"ir":false}}
{"type":"status","t":0,"s":0,"torque":{"fl":0,"fr":0,"rl":0,"rr":0},"curr":{"fl":8,"fr":18,"rl":4,"rr":0},"vel": {"fl":0,"fr":0,"rl":0,"rr":0},"boards":{"vf":3936,"vr":3936,"tf":365,"tr":371},"vehicle":{"gear":"D","low":true,"high":false,"il":false,"ir":false}}
{"type":"status","t":0,"s":0,"torque":{"fl":0,"fr":0,"rl":0,"rr":0},"curr":{"fl":6,"fr":14,"rl":4,"rr":2},"vel": {"fl":0,"fr":0,"rl":0,"rr":0},"boards":{"vf":3936,"vr":3939,"tf":365,"tr":371},"vehicle":{"gear":"D","low":true,"high":false,"il":false,"ir":false}}
{"type":"status","t":0,"s":0,"torque":{"fl":0,"fr":0,"rl":0,"rr":0},"curr":{"fl":8,"fr":16,"rl":4,"rr":4},"vel": {"fl":0,"fr":0,"rl":0,"rr":0},"boards":{"vf":3936,"vr":3939,"tf":365,"tr":371},"vehicle":{"gear":"D","low":true,"high":false,"il":false,"ir":false}}
{"type":"status","t":0,"s":0,"torque":{"fl":0,"fr":0,"rl":0,"rr":0},"curr":{"fl":8,"fr":16,"rl":4,"rr":4},"vel": {"fl":0,"fr":0,"rl":0,"rr":0},"boards":{"vf":3936,"vr":3939,"tf":365,"tr":371},"vehicle":{"gear":"D","low":true,"high":false,"il":false,"ir":false}}
{"type":"status","t":0,"s":0,"torque":{"fl":0,"fr":0,"rl":0,"rr":0},"curr":{"fl":8,"fr":16,"rl":4,"rr":4},"vel": {"fl":0,"fr":0,"rl":0,"rr":0},"boards":{"vf":3936,"vr":3939,"tf":365,"tr":371},"vehicle":{"gear":"D","low":true,"high":false,"il":false,"ir":false}}
{"type":"status","t":0,"s":0,"torque":{"fl":0,"fr":0,"rl":0,"rr":0},"curr":{"fl":6,"fr":16,"rl":6,"rr":4},"vel": {"fl":0,"fr":0,"rl":0,"rr":0},"boards":{"vf":3936,"vr":3941,"tf":367,"tr":371},"vehicle":{"gear":"D","low":true,"high":false,"il":false,"ir":false}}
{"type":"status","t":0,"s":0,"torque":{"fl":0,"fr":0,"rl":0,"rr":0},"curr":{"fl":6,"fr":16,"rl":4,"rr":4},"vel": {"fl":0,"fr":0,"rl":0,"rr":0},"boards":{"vf":3936,"vr":3941,"tf":365,"tr":371},"vehicle":{"gear":"D","low":true,"high":false,"il":false,"ir":false}}
{"type":"status","t":0,"s":0,"torque":{"fl":0,"fr":0,"rl":0,"rr":0},"curr":{"fl":8,"fr":14,"rl":4,"rr":4},"vel": {"fl":0,"fr":0,"rl":0,"rr":0},"boards":{"vf":3936,"vr":3941,"tf":365,"tr":371},"vehicle":{"gear":"D","low":true,"high":false,"il":false,"ir":false}}
{"type":"status","t":0,"s":0,"torque":{"fl":0,"fr":0,"rl":0,"rr":0},"curr":{"fl":-16,"fr":-2,"rl":6,"rr":6},"vel": {"fl":0,"fr":0,"rl":0,"rr":0},"boards":{"vf":3939,"vr":3941,"tf":365,"tr":371},"vehicle":{"gear":"D","low":true,"high":false,"il":false,"ir":false}}
{"type":"status","t":0,"s":0,"torque":{"fl":0,"fr":0,"rl":0,"rr":0},"curr":{"fl":-16,"fr":-2,"rl":4,"rr":4},"vel": {"fl":0,"fr":0,"rl":0,"rr":0},"boards":{"vf":3939,"vr":3941,"tf":367,"tr":371},"vehicle":{"gear":"D","low":true,"high":false,"il":false,"ir":false}}
{"type":"status","t":0,"s":0,"torque":{"fl":0,"fr":0,"rl":0,"rr":0},"curr":{"fl":6,"fr":16,"rl":4,"rr":4},"vel": {"fl":0,"fr":0,"rl":0,"rr":0},"boards":{"vf":3939,"vr":3941,"tf":367,"tr":371},"vehicle":{"gear":"D","low":true,"high":false,"il":false,"ir":false}}
{"type":"status","t":0,"s":0,"torque":{"fl":0,"fr":0,"rl":0,"rr":0},"curr":{"fl":6,"fr":14,"rl":4,"rr":4},"vel": {"fl":0,"fr":0,"rl":0,"rr":0},"boards":{"vf":3939,"vr":3941,"tf":367,"tr":371},"vehicle":{"gear":"D","low":true,"high":false,"il":false,"ir":false}}
{"type":"status","t":0,"s":0,"torque":{"fl":0,"fr":0,"rl":0,"rr":0},"curr":{"fl":8,"fr":14,"rl":4,"rr":4},"vel": {"fl":0,"fr":0,"rl":0,"rr":0},"boards":{"vf":3939,"vr":3944,"tf":367,"tr":371},"vehicle":{"gear":"D","low":true,"high":false,"il":false,"ir":false}}
{"type":"status","t":0,"s":0,"torque":{"fl":0,"fr":0,"rl":0,"rr":0},"curr":{"fl":8,"fr":14,"rl":6,"rr":2},"vel": {"fl":0,"fr":0,"rl":0,"rr":0},"boards":{"vf":3939,"vr":3944,"tf":367,"tr":371},"vehicle":{"gear":"N","low":true,"high":false,"il":false,"ir":false}}
{"type":"status","t":0,"s":0,"torque":{"fl":0,"fr":0,"rl":0,"rr":0},"curr":{"fl":8,"fr":16,"rl":4,"rr":4},"vel": {"fl":0,"fr":0,"rl":0,"rr":0},"boards":{"vf":3939,"vr":3944,"tf":367,"tr":371},"vehicle":{"gear":"N","low":true,"high":false,"il":false,"ir":false}}
{"type":"status","t":0,"s":0,"torque":{"fl":0,"fr":0,"rl":0,"rr":0},"curr":{"fl":6,"fr":16,"rl":6,"rr":4},"vel": {"fl":0,"fr":0,"rl":0,"rr":0},"boards":{"vf":3941,"vr":3944,"tf":367,"tr":371},"vehicle":{"gear":"N","low":true,"high":false,"il":false,"ir":false}}
{"type":"status","t":0,"s":0,"torque":{"fl":0,"fr":0,"rl":0,"rr":0},"curr":{"fl":8,"fr":14,"rl":-4,"rr":8},"vel": {"fl":0,"fr":0,"rl":0,"rr":0},"boards":{"vf":3941,"vr":3944,"tf":367,"tr":371},"vehicle":{"gear":"N","low":true,"high":false,"il":false,"ir":false}}
{"type":"status","t":0,"s":0,"torque":{"fl":0,"fr":0,"rl":0,"rr":0},"curr":{"fl":-16,"fr":-2,"rl":2,"rr":4},"vel": {"fl":0,"fr":0,"rl":0,"rr":0},"boards":{"vf":3941,"vr":3947,"tf":367,"tr":371},"vehicle":{"gear":"N","low":true,"high":false,"il":false,"ir":false}}
{"type":"status","t":0,"s":0,"torque":{"fl":0,"fr":0,"rl":0,"rr":0},"curr":{"fl":-16,"fr":0,"rl":4,"rr":0},"vel": {"fl":0,"fr":0,"rl":0,"rr":0},"boards":{"vf":3941,"vr":3947,"tf":367,"tr":371},"vehicle":{"gear":"N","low":true,"high":false,"il":false,"ir":false}}
{"type":"status","t":0,"s":0,"torque":{"fl":0,"fr":0,"rl":0,"rr":0},"curr":{"fl":-14,"fr":-2,"rl":4,"rr":4},"vel": {"fl":0,"fr":0,"rl":0,"rr":0},"boards":{"vf":3941,"vr":3947,"tf":367,"tr":371},"vehicle":{"gear":"N","low":true,"high":false,"il":false,"ir":false}}
{"type":"status","t":0,"s":0,"torque":{"fl":0,"fr":0,"rl":0,"rr":0},"curr":{"fl":-14,"fr":0,"rl":4,"rr":4},"vel": {"fl":0,"fr":0,"rl":0,"rr":0},"boards":{"vf":3941,"vr":3947,"tf":367,"tr":371},"vehicle":{"gear":"N","low":true,"high":false,"il":false,"ir":false}}
{"type":"status","t":0,"s":0,"torque":{"fl":0,"fr":0,"rl":0,"rr":0},"curr":{"fl":6,"fr":14,"rl":4,"rr":6},"vel": {"fl":0,"fr":0,"rl":0,"rr":0},"boards":{"vf":3941,"vr":3947,"tf":367,"tr":371},"vehicle":{"gear":"N","low":true,"high":false,"il":false,"ir":false}}
{"type":"status","t":0,"s":0,"torque":{"fl":0,"fr":0,"rl":0,"rr":0},"curr":{"fl":6,"fr":14,"rl":4,"rr":4},"vel": {"fl":0,"fr":0,"rl":0,"rr":0},"boards":{"vf":3944,"vr":3947,"tf":367,"tr":371},"vehicle":{"gear":"N","low":true,"high":false,"il":false,"ir":false}}
{"type":"status","t":0,"s":0,"torque":{"fl":0,"fr":0,"rl":0,"rr":0},"curr":{"fl":6,"fr":16,"rl":4,"rr":4},"vel": {"fl":0,"fr":0,"rl":0,"rr":0},"boards":{"vf":3944,"vr":3949,"tf":367,"tr":371},"vehicle":{"gear":"N","low":true,"high":false,"il":false,"ir":false}}
{"type":"status","t":0,"s":0,"torque":{"fl":0,"fr":0,"rl":0,"rr":0},"curr":{"fl":6,"fr":16,"rl":4,"rr":4},"vel": {"fl":0,"fr":0,"rl":0,"rr":0},"boards":{"vf":3944,"vr":3949,"tf":367,"tr":371},"vehicle":{"gear":"N","low":true,"high":false,"il":false,"ir":false}}
{"type":"status","t":0,"s":0,"torque":{"fl":0,"fr":0,"rl":0,"rr":0},"curr":{"fl":4,"fr":14,"rl":-4,"rr":10},"vel": {"fl":0,"fr":0,"rl":0,"rr":0},"boards":{"vf":3944,"vr":3949,"tf":367,"tr":371},"vehicle":{"gear":"N","low":true,"high":false,"il":false,"ir":false}}
{"type":"status","t":0,"s":0,"torque":{"fl":0,"fr":0,"rl":0,"rr":0},"curr":{"fl":6,"fr":16,"rl":6,"rr":4},"vel": {"fl":0,"fr":0,"rl":0,"rr":0},"boards":{"vf":3944,"vr":3949,"tf":367,"tr":371},"vehicle":{"gear":"N","low":true,"high":false,"il":false,"ir":false}}
{"type":"status","t":0,"s":0,"torque":{"fl":0,"fr":0,"rl":0,"rr":0},"curr":{"fl":6,"fr":14,"rl":4,"rr":4},"vel": {"fl":0,"fr":0,"rl":0,"rr":0},"boards":{"vf":3944,"vr":3949,"tf":367,"tr":371},"vehicle":{"gear":"N","low":true,"high":false,"il":false,"ir":false}}
{"type":"status","t":0,"s":0,"torque":{"fl":0,"fr":0,"rl":0,"rr":0},"curr":{"fl":6,"fr":14,"rl":4,"rr":4},"vel": {"fl":0,"fr":0,"rl":0,"rr":0},"boards":{"vf":3944,"vr":3949,"tf":367,"tr":371},"vehicle":{"gear":"N","low":true,"high":false,"il":false,"ir":false}}
{"type":"status","t":0,"s":0,"torque":{"fl":0,"fr":0,"rl":0,"rr":0},"curr":{"fl":6,"fr":16,"rl":4,"rr":4},"vel": {"fl":0,"fr":0,"rl":0,"rr":0},"boards":{"vf":3947,"vr":3949,"tf":367,"tr":371},"vehicle":{"gear":"N","low":true,"high":false,"il":false,"ir":false}}
{"type":"status","t":0,"s":0,"torque":{"fl":0,"fr":0,"rl":0,"rr":0},"curr":{"fl":6,"fr":14,"rl":4,"rr":2},"vel": {"fl":0,"fr":0,"rl":0,"rr":0},"boards":{"vf":3947,"vr":3952,"tf":367,"tr":371},"vehicle":{"gear":"N","low":true,"high":false,"il":false,"ir":false}}
{"type":"status","t":0,"s":0,"torque":{"fl":0,"fr":0,"rl":0,"rr":0},"curr":{"fl":6,"fr":14,"rl":4,"rr":4},"vel": {"fl":0,"fr":0,"rl":0,"rr":0},"boards":{"vf":3947,"vr":3952,"tf":367,"tr":373},"vehicle":{"gear":"N","low":true,"high":false,"il":false,"ir":false}}
{"type":"status","t":0,"s":0,"torque":{"fl":0,"fr":0,"rl":0,"rr":0},"curr":{"fl":6,"fr":16,"rl":4,"rr":4},"vel": {"fl":0,"fr":0,"rl":0,"rr":0},"boards":{"vf":3947,"vr":3952,"tf":367,"tr":373},"vehicle":{"gear":"N","low":true,"high":false,"il":false,"ir":false}}
{"type":"status","t":0,"s":0,"torque":{"fl":0,"fr":0,"rl":0,"rr":0},"curr":{"fl":6,"fr":14,"rl":4,"rr":4},"vel": {"fl":0,"fr":0,"rl":0,"rr":0},"boards":{"vf":3949,"vr":3952,"tf":367,"tr":373},"vehicle":{"gear":"N","low":true,"high":false,"il":false,"ir":false}}
{"type":"status","t":0,"s":0,"torque":{"fl":0,"fr":0,"rl":0,"rr":0},"curr":{"fl":8,"fr":14,"rl":2,"rr":0},"vel": {"fl":0,"fr":0,"rl":0,"rr":0},"boards":{"vf":3949,"vr":3952,"tf":367,"tr":373},"vehicle":{"gear":"N","low":true,"high":false,"il":false,"ir":false}}
{"type":"status","t":0,"s":0,"torque":{"fl":0,"fr":0,"rl":0,"rr":0},"curr":{"fl":8,"fr":14,"rl":4,"rr":4},"vel": {"fl":0,"fr":0,"rl":0,"rr":0},"boards":{"vf":3949,"vr":3952,"tf":367,"tr":373},"vehicle":{"gear":"N","low":true,"high":false,"il":false,"ir":false}}
{"type":"status","t":0,"s":0,"torque":{"fl":0,"fr":0,"rl":0,"rr":0},"curr":{"fl":6,"fr":14,"rl":4,"rr":4},"vel": {"fl":0,"fr":0,"rl":0,"rr":0},"boards":{"vf":3949,"vr":3952,"tf":367,"tr":373},"vehicle":{"gear":"N","low":true,"high":false,"il":false,"ir":false}}
{"type":"status","t":0,"s":0,"torque":{"fl":0,"fr":0,"rl":0,"rr":0},"curr":{"fl":-10,"fr":-6,"rl":6,"rr":4},"vel": {"fl":0,"fr":0,"rl":0,"rr":0},"boards":{"vf":3949,"vr":3952,"tf":367,"tr":373},"vehicle":{"gear":"N","low":true,"high":false,"il":false,"ir":false}}
{"type":"status","t":0,"s":0,"torque":{"fl":0,"fr":0,"rl":0,"rr":0},"curr":{"fl":-10,"fr":-8,"rl":4,"rr":4},"vel": {"fl":0,"fr":0,"rl":0,"rr":0},"boards":{"vf":3952,"vr":3954,"tf":367,"tr":373},"vehicle":{"gear":"N","low":true,"high":false,"il":false,"ir":false}}
{"type":"status","t":0,"s":0,"torque":{"fl":0,"fr":0,"rl":0,"rr":0},"curr":{"fl":-10,"fr":-6,"rl":2,"rr":0},"vel": {"fl":0,"fr":0,"rl":0,"rr":0},"boards":{"vf":3952,"vr":3954,"tf":367,"tr":373},"vehicle":{"gear":"N","low":true,"high":false,"il":false,"ir":false}}
{"type":"status","t":0,"s":0,"torque":{"fl":0,"fr":0,"rl":0,"rr":0},"curr":{"fl":-12,"fr":-6,"rl":4,"rr":6},"vel": {"fl":0,"fr":0,"rl":0,"rr":0},"boards":{"vf":3952,"vr":3954,"tf":367,"tr":373},"vehicle":{"gear":"N","low":true,"high":false,"il":false,"ir":false}}
{"type":"status","t":0,"s":0,"torque":{"fl":0,"fr":0,"rl":0,"rr":0},"curr":{"fl":-10,"fr":-6,"rl":4,"rr":4},"vel": {"fl":0,"fr":0,"rl":0,"rr":0},"boards":{"vf":3952,"vr":3954,"tf":367,"tr":373},"vehicle":{"gear":"N","low":true,"high":false,"il":false,"ir":false}}
{"type":"status","t":0,"s":0,"torque":{"fl":0,"fr":0,"rl":0,"rr":0},"curr":{"fl":-10,"fr":-6,"rl":4,"rr":4},"vel": {"fl":0,"fr":0,"rl":0,"rr":0},"boards":{"vf":3952,"vr":3954,"tf":367,"tr":373},"vehicle":{"gear":"N","low":true,"high":false,"il":false,"ir":false}}
{"type":"status","t":0,"s":0,"torque":{"fl":0,"fr":0,"rl":0,"rr":0},"curr":{"fl":-10,"fr":-6,"rl":4,"rr":2},"vel": {"fl":0,"fr":0,"rl":0,"rr":0},"boards":{"vf":3954,"vr":3954,"tf":367,"tr":373},"vehicle":{"gear":"N","low":true,"high":false,"il":false,"ir":false}}
{"type":"status","t":0,"s":0,"torque":{"fl":0,"fr":0,"rl":0,"rr":0},"curr":{"fl":-10,"fr":-6,"rl":4,"rr":2},"vel": {"fl":0,"fr":0,"rl":0,"rr":0},"boards":{"vf":3954,"vr":3954,"tf":367,"tr":373},"vehicle":{"gear":"N","low":true,"high":false,"il":false,"ir":false}}
{"type":"status","t":0,"s":0,"torque":{"fl":0,"fr":0,"rl":0,"rr":0},"curr":{"fl":-10,"fr":-6,"rl":4,"rr":4},"vel": {"fl":0,"fr":0,"rl":0,"rr":0},"boards":{"vf":3954,"vr":3954,"tf":367,"tr":373},"vehicle":{"gear":"N","low":true,"high":false,"il":false,"ir":false}}
{"type":"status","t":0,"s":0,"torque":{"fl":0,"fr":0,"rl":0,"rr":0},"curr":{"fl":-10,"fr":-6,"rl":4,"rr":6},"vel": {"fl":0,"fr":0,"rl":0,"rr":0},"boards":{"vf":3954,"vr":3954,"tf":367,"tr":373},"vehicle":{"gear":"N","low":true,"high":false,"il":false,"ir":false}}
{"type":"status","t":0,"s":0,"torque":{"fl":0,"fr":0,"rl":0,"rr":0},"curr":{"fl":6,"fr":14,"rl":4,"rr":4},"vel": {"fl":0,"fr":0,"rl":0,"rr":0},"boards":{"vf":3954,"vr":3957,"tf":367,"tr":373},"vehicle":{"gear":"N","low":true,"high":false,"il":false,"ir":false}}
{"type":"status","t":0,"s":0,"torque":{"fl":0,"fr":0,"rl":0,"rr":0},"curr":{"fl":6,"fr":16,"rl":4,"rr":2},"vel": {"fl":0,"fr":0,"rl":0,"rr":0},"boards":{"vf":3954,"vr":3957,"tf":367,"tr":373},"vehicle":{"gear":"N","low":true,"high":false,"il":false,"ir":false}}
{"type":"status","t":0,"s":0,"torque":{"fl":0,"fr":0,"rl":0,"rr":0},"curr":{"fl":6,"fr":14,"rl":4,"rr":2},"vel": {"fl":0,"fr":0,"rl":0,"rr":0},"boards":{"vf":3957,"vr":3957,"tf":367,"tr":373},"vehicle":{"gear":"N","low":true,"high":false,"il":false,"ir":false}}
{"type":"status","t":0,"s":0,"torque":{"fl":0,"fr":0,"rl":0,"rr":0},"curr":{"fl":6,"fr":16,"rl":6,"rr":8},"vel": {"fl":0,"fr":0,"rl":0,"rr":0},"boards":{"vf":3957,"vr":3957,"tf":367,"tr":373},"vehicle":{"gear":"N","low":true,"high":false,"il":false,"ir":false}}
{"type":"status","t":0,"s":0,"torque":{"fl":0,"fr":0,"rl":0,"rr":0},"curr":{"fl":6,"fr":14,"rl":-4,"rr":10},"vel": {"fl":0,"fr":0,"rl":0,"rr":0},"boards":{"vf":3957,"vr":3957,"tf":367,"tr":373},"vehicle":{"gear":"N","low":true,"high":false,"il":false,"ir":false}}
{"type":"status","t":0,"s":0,"torque":{"fl":0,"fr":0,"rl":0,"rr":0},"curr":{"fl":4,"fr":14,"rl":4,"rr":2},"vel": {"fl":0,"fr":0,"rl":0,"rr":0},"boards":{"vf":3957,"vr":3957,"tf":367,"tr":373},"vehicle":{"gear":"N","low":true,"high":false,"il":false,"ir":false}}
{"type":"status","t":0,"s":0,"torque":{"fl":0,"fr":0,"rl":0,"rr":0},"curr":{"fl":6,"fr":14,"rl":4,"rr":4},"vel": {"fl":0,"fr":0,"rl":0,"rr":0},"boards":{"vf":3957,"vr":3957,"tf":367,"tr":373},"vehicle":{"gear":"N","low":true,"high":false,"il":false,"ir":false}}
{"type":"status","t":0,"s":0,"torque":{"fl":0,"fr":0,"rl":0,"rr":0},"curr":{"fl":6,"fr":14,"rl":4,"rr":4},"vel": {"fl":0,"fr":0,"rl":0,"rr":0},"boards":{"vf":3957,"vr":3957,"tf":367,"tr":373},"vehicle":{"gear":"N","low":true,"high":false,"il":false,"ir":false}}
{"type":"status","t":0,"s":0,"torque":{"fl":0,"fr":0,"rl":0,"rr":0},"curr":{"fl":6,"fr":14,"rl":-2,"rr":8},"vel": {"fl":0,"fr":0,"rl":0,"rr":0},"boards":{"vf":3959,"vr":3957,"tf":367,"tr":373},"vehicle":{"gear":"N","low":true,"high":false,"il":false,"ir":false}}
{"type":"status","t":0,"s":0,"torque":{"fl":0,"fr":0,"rl":0,"rr":0},"curr":{"fl":6,"fr":14,"rl":4,"rr":2},"vel": {"fl":0,"fr":0,"rl":0,"rr":0},"boards":{"vf":3959,"vr":3957,"tf":367,"tr":373},"vehicle":{"gear":"N","low":true,"high":false,"il":false,"ir":false}}
{"type":"status","t":0,"s":0,"torque":{"fl":0,"fr":0,"rl":0,"rr":0},"curr":{"fl":6,"fr":14,"rl":4,"rr":2},"vel": {"fl":0,"fr":0,"rl":0,"rr":0},"boards":{"vf":3959,"vr":3959,"tf":367,"tr":373},"vehicle":{"gear":"N","low":true,"high":false,"il":false,"ir":false}}
{"type":"status","t":0,"s":0,"torque":{"fl":0,"fr":0,"rl":0,"rr":0},"curr":{"fl":6,"fr":14,"rl":2,"rr":4},"vel": {"fl":0,"fr":0,"rl":0,"rr":0},"boards":{"vf":3959,"vr":3957,"tf":367,"tr":373},"vehicle":{"gear":"N","low":true,"high":false,"il":false,"ir":false}}
{"type":"status","t":0,"s":0,"torque":{"fl":0,"fr":0,"rl":0,"rr":0},"curr":{"fl":6,"fr":14,"rl":4,"rr":6},"vel": {"fl":0,"fr":0,"rl":0,"rr":0},"boards":{"vf":3959,"vr":3959,"tf":367,"tr":373},"vehicle":{"gear":"N","low":true,"high":false,"il":false,"ir":false}}
{"type":"status","t":0,"s":0,"torque":{"fl":0,"fr":0,"rl":0,"rr":0},"curr":{"fl":-12,"fr":-6,"rl":-2,"rr":10},"vel": {"fl":0,"fr":0,"rl":0,"rr":0},"boards":{"vf":3959,"vr":3959,"tf":367,"tr":373},"vehicle":{"gear":"N","low":true,"high":false,"il":false,"ir":false}}
{"type":"status","t":0,"s":0,"torque":{"fl":0,"fr":0,"rl":0,"rr":0},"curr":{"fl":-12,"fr":-6,"rl":4,"rr":2},"vel": {"fl":0,"fr":0,"rl":0,"rr":0},"boards":{"vf":3959,"vr":3959,"tf":367,"tr":373},"vehicle":{"gear":"N","low":true,"high":false,"il":false,"ir":false}}
{"type":"status","t":0,"s":0,"torque":{"fl":0,"fr":0,"rl":0,"rr":0},"curr":{"fl":-12,"fr":-6,"rl":4,"rr":6},"vel": {"fl":0,"fr":0,"rl":0,"rr":0},"boards":{"vf":3962,"vr":3959,"tf":367,"tr":373},"vehicle":{"gear":"N","low":true,"high":false,"il":false,"ir":false}}
{"type":"status","t":0,"s":0,"torque":{"fl":0,"fr":0,"rl":0,"rr":0},"curr":{"fl":-10,"fr":-6,"rl":6,"rr":4},"vel": {"fl":0,"fr":0,"rl":0,"rr":0},"boards":{"vf":3962,"vr":3959,"tf":367,"tr":373},"vehicle":{"gear":"N","low":true,"high":false,"il":false,"ir":false}}
{"type":"status","t":0,"s":0,"torque":{"fl":0,"fr":0,"rl":0,"rr":0},"curr":{"fl":-10,"fr":-6,"rl":4,"rr":4},"vel": {"fl":0,"fr":0,"rl":0,"rr":0},"boards":{"vf":3962,"vr":3959,"tf":367,"tr":373},"vehicle":{"gear":"N","low":true,"high":false,"il":false,"ir":false}}
{"type":"status","t":0,"s":0,"torque":{"fl":0,"fr":0,"rl":0,"rr":0},"curr":{"fl":-10,"fr":-6,"rl":4,"rr":0},"vel": {"fl":0,"fr":0,"rl":0,"rr":0},"boards":{"vf":3962,"vr":3959,"tf":367,"tr":373},"vehicle":{"gear":"N","low":true,"high":false,"il":false,"ir":false}}
{"type":"status","t":0,"s":0,"torque":{"fl":0,"fr":0,"rl":0,"rr":0},"curr":{"fl":-12,"fr":-6,"rl":6,"rr":4},"vel": {"fl":0,"fr":0,"rl":0,"rr":0},"boards":{"vf":3962,"vr":3959,"tf":367,"tr":373},"vehicle":{"gear":"N","low":true,"high":false,"il":false,"ir":false}}
{"type":"status","t":0,"s":0,"torque":{"fl":0,"fr":0,"rl":0,"rr":0},"curr":{"fl":-10,"fr":-6,"rl":4,"rr":4},"vel": {"fl":0,"fr":0,"rl":0,"rr":0},"boards":{"vf":3962,"vr":3959,"tf":367,"tr":373},"vehicle":{"gear":"N","low":true,"high":false,"il":false,"ir":false}}
{"type":"status","t":0,"s":0,"torque":{"fl":0,"fr":0,"rl":0,"rr":0},"curr":{"fl":-10,"fr":-8,"rl":4,"rr":4},"vel": {"fl":0,"fr":0,"rl":0,"rr":0},"boards":{"vf":3962,"vr":3959,"tf":367,"tr":373},"vehicle":{"gear":"N","low":true,"high":false,"il":false,"ir":false}}
{"type":"status","t":0,"s":0,"torque":{"fl":0,"fr":0,"rl":0,"rr":0},"curr":{"fl":-10,"fr":-6,"rl":2,"rr":0},"vel": {"fl":0,"fr":0,"rl":0,"rr":0},"boards":{"vf":3962,"vr":3959,"tf":367,"tr":373},"vehicle":{"gear":"N","low":true,"high":false,"il":false,"ir":false}}
{"type":"status","t":0,"s":0,"torque":{"fl":0,"fr":0,"rl":0,"rr":0},"curr":{"fl":-10,"fr":-8,"rl":2,"rr":2},"vel": {"fl":0,"fr":0,"rl":0,"rr":0},"boards":{"vf":3964,"vr":3962,"tf":367,"tr":373},"vehicle":{"gear":"N","low":true,"high":false,"il":false,"ir":false}}
{"type":"status","t":0,"s":0,"torque":{"fl":0,"fr":0,"rl":0,"rr":0},"curr":{"fl":-10,"fr":-6,"rl":4,"rr":4},"vel": {"fl":0,"fr":0,"rl":0,"rr":0},"boards":{"vf":3964,"vr":3962,"tf":367,"tr":373},"vehicle":{"gear":"N","low":true,"high":false,"il":false,"ir":false}}
{"type":"status","t":0,"s":0,"torque":{"fl":0,"fr":0,"rl":0,"rr":0},"curr":{"fl":-10,"fr":-6,"rl":4,"rr":4},"vel": {"fl":0,"fr":0,"rl":0,"rr":0},"boards":{"vf":3964,"vr":3962,"tf":367,"tr":373},"vehicle":{"gear":"N","low":true,"high":false,"il":false,"ir":false}}
{"type":"status","t":0,"s":0,"torque":{"fl":0,"fr":0,"rl":0,"rr":0},"curr":{"fl":6,"fr":16,"rl":4,"rr":4},"vel": {"fl":0,"fr":0,"rl":0,"rr":0},"boards":{"vf":3964,"vr":3962,"tf":367,"tr":373},"vehicle":{"gear":"N","low":true,"high":false,"il":false,"ir":false}}
{"type":"status","t":0,"s":0,"torque":{"fl":0,"fr":0,"rl":0,"rr":0},"curr":{"fl":6,"fr":14,"rl":4,"rr":2},"vel": {"fl":0,"fr":0,"rl":0,"rr":0},"boards":{"vf":3964,"vr":3962,"tf":367,"tr":373},"vehicle":{"gear":"N","low":true,"high":false,"il":false,"ir":false}}
{"type":"status","t":0,"s":0,"torque":{"fl":0,"fr":0,"rl":0,"rr":0},"curr":{"fl":6,"fr":14,"rl":4,"rr":4},"vel": {"fl":0,"fr":0,"rl":0,"rr":0},"boards":{"vf":3964,"vr":3962,"tf":367,"tr":373},"vehicle":{"gear":"N","low":true,"high":false,"il":false,"ir":false}}
{"type":"status","t":0,"s":0,"torque":{"fl":0,"fr":0,"rl":0,"rr":0},"curr":{"fl":6,"fr":14,"rl":4,"rr":4},"vel": {"fl":0,"fr":0,"rl":0,"rr":0},"boards":{"vf":3964,"vr":3962,"tf":367,"tr":373},"vehicle":{"gear":"N","low":true,"high":false,"il":false,"ir":false}}
{"type":"status","t":0,"s":0,"torque":{"fl":0,"fr":0,"rl":0,"rr":0},"curr":{"fl":6,"fr":14,"rl":4,"rr":4},"vel": {"fl":0,"fr":0,"rl":0,"rr":0},"boards":{"vf":3964,"vr":3962,"tf":367,"tr":373},"vehicle":{"gear":"N","low":true,"high":false,"il":false,"ir":false}}
{"type":"status","t":0,"s":0,"torque":{"fl":0,"fr":0,"rl":0,"rr":0},"curr":{"fl":6,"fr":16,"rl":4,"rr":0},"vel": {"fl":0,"fr":0,"rl":0,"rr":0},"boards":{"vf":3967,"vr":3962,"tf":367,"tr":373},"vehicle":{"gear":"N","low":true,"high":false,"il":false,"ir":false}}
{"type":"status","t":0,"s":0,"torque":{"fl":0,"fr":0,"rl":0,"rr":0},"curr":{"fl":6,"fr":14,"rl":6,"rr":4},"vel": {"fl":0,"fr":0,"rl":0,"rr":0},"boards":{"vf":3967,"vr":3962,"tf":369,"tr":373},"vehicle":{"gear":"N","low":true,"high":false,"il":false,"ir":false}}
{"type":"status","t":0,"s":0,"torque":{"fl":0,"fr":0,"rl":0,"rr":0},"curr":{"fl":6,"fr":14,"rl":6,"rr":4},"vel": {"fl":0,"fr":0,"rl":0,"rr":0},"boards":{"vf":3967,"vr":3962,"tf":369,"tr":373},"vehicle":{"gear":"N","low":true,"high":false,"il":false,"ir":false}}
{"type":"status","t":0,"s":0,"torque":{"fl":0,"fr":0,"rl":0,"rr":0},"curr":{"fl":6,"fr":14,"rl":4,"rr":4},"vel": {"fl":0,"fr":0,"rl":0,"rr":0},"boards":{"vf":3967,"vr":3962,"tf":369,"tr":373},"vehicle":{"gear":"N","low":true,"high":false,"il":false,"ir":false}}
{"type":"status","t":0,"s":0,"torque":{"fl":0,"fr":0,"rl":0,"rr":0},"curr":{"fl":8,"fr":16,"rl":2,"rr":6},"vel": {"fl":0,"fr":0,"rl":0,"rr":0},"boards":{"vf":3967,"vr":3962,"tf":369,"tr":373},"vehicle":{"gear":"N","low":true,"high":false,"il":false,"ir":false}}
{"type":"status","t":0,"s":0,"torque":{"fl":0,"fr":0,"rl":0,"rr":0},"curr":{"fl":6,"fr":14,"rl":4,"rr":2},"vel": {"fl":0,"fr":0,"rl":0,"rr":0},"boards":{"vf":3967,"vr":3962,"tf":369,"tr":373},"vehicle":{"gear":"N","low":true,"high":false,"il":false,"ir":false}}
{"type":"status","t":0,"s":0,"torque":{"fl":0,"fr":0,"rl":0,"rr":0},"curr":{"fl":6,"fr":14,"rl":6,"rr":4},"vel": {"fl":0,"fr":0,"rl":0,"rr":0},"boards":{"vf":3967,"vr":3962,"tf":369,"tr":373},"vehicle":{"gear":"N","low":true,"high":false,"il":false,"ir":false}}
{"type":"status","t":0,"s":0,"torque":{"fl":0,"fr":0,"rl":0,"rr":0},"curr":{"fl":6,"fr":14,"rl":4,"rr":4},"vel": {"fl":0,"fr":0,"rl":0,"rr":0},"boards":{"vf":3967,"vr":3962,"tf":369,"tr":373},"vehicle":{"gear":"N","low":true,"high":false,"il":false,"ir":false}}
{"type":"status","t":0,"s":0,"torque":{"fl":0,"fr":0,"rl":0,"rr":0},"curr":{"fl":6,"fr":14,"rl":-4,"rr":8},"vel": {"fl":0,"fr":0,"rl":0,"rr":0},"boards":{"vf":3967,"vr":3962,"tf":369,"tr":373},"vehicle":{"gear":"N","low":true,"high":false,"il":false,"ir":false}}
{"type":"status","t":0,"s":0,"torque":{"fl":0,"fr":0,"rl":0,"rr":0},"curr":{"fl":-10,"fr":-6,"rl":4,"rr":2},"vel": {"fl":0,"fr":0,"rl":0,"rr":0},"boards":{"vf":3967,"vr":3962,"tf":369,"tr":373},"vehicle":{"gear":"N","low":true,"high":false,"il":false,"ir":false}}
{"type":"status","t":0,"s":0,"torque":{"fl":0,"fr":0,"rl":0,"rr":0},"curr":{"fl":-10,"fr":-6,"rl":4,"rr":6},"vel": {"fl":0,"fr":0,"rl":0,"rr":0},"boards":{"vf":3967,"vr":3964,"tf":369,"tr":373},"vehicle":{"gear":"N","low":true,"high":false,"il":false,"ir":false}}
{"type":"status","t":0,"s":0,"torque":{"fl":0,"fr":0,"rl":0,"rr":0},"curr":{"fl":-10,"fr":-6,"rl":4,"rr":4},"vel": {"fl":0,"fr":0,"rl":0,"rr":0},"boards":{"vf":3970,"vr":3964,"tf":369,"tr":373},"vehicle":{"gear":"N","low":true,"high":false,"il":false,"ir":false}}
{"type":"status","t":0,"s":0,"torque":{"fl":0,"fr":0,"rl":0,"rr":0},"curr":{"fl":-10,"fr":-6,"rl":-2,"rr":10},"vel": {"fl":0,"fr":0,"rl":0,"rr":0},"boards":{"vf":3970,"vr":3962,"tf":369,"tr":373},"vehicle":{"gear":"N","low":true,"high":false,"il":false,"ir":false}}
{"type":"status","t":0,"s":0,"torque":{"fl":0,"fr":0,"rl":0,"rr":0},"curr":{"fl":-10,"fr":-6,"rl":4,"rr":2},"vel": {"fl":0,"fr":0,"rl":0,"rr":0},"boards":{"vf":3970,"vr":3964,"tf":369,"tr":373},"vehicle":{"gear":"N","low":true,"high":false,"il":false,"ir":false}}
{"type":"status","t":0,"s":0,"torque":{"fl":0,"fr":0,"rl":0,"rr":0},"curr":{"fl":-10,"fr":-6,"rl":4,"rr":4},"vel": {"fl":0,"fr":0,"rl":0,"rr":0},"boards":{"vf":3970,"vr":3964,"tf":369,"tr":373},"vehicle":{"gear":"N","low":true,"high":false,"il":false,"ir":false}}
{"type":"status","t":0,"s":0,"torque":{"fl":0,"fr":0,"rl":0,"rr":0},"curr":{"fl":-12,"fr":-8,"rl":2,"rr":2},"vel": {"fl":0,"fr":0,"rl":0,"rr":0},"boards":{"vf":3970,"vr":3964,"tf":369,"tr":373},"vehicle":{"gear":"N","low":true,"high":false,"il":false,"ir":false}}
{"type":"status","t":0,"s":0,"torque":{"fl":0,"fr":0,"rl":0,"rr":0},"curr":{"fl":-10,"fr":-6,"rl":4,"rr":4},"vel": {"fl":0,"fr":0,"rl":0,"rr":0},"boards":{"vf":3970,"vr":3964,"tf":369,"tr":373},"vehicle":{"gear":"N","low":true,"high":false,"il":false,"ir":false}}
{"type":"status","t":0,"s":0,"torque":{"fl":0,"fr":0,"rl":0,"rr":0},"curr":{"fl":-10,"fr":-8,"rl":2,"rr":0},"vel": {"fl":0,"fr":0,"rl":0,"rr":0},"boards":{"vf":3970,"vr":3964,"tf":369,"tr":373},"vehicle":{"gear":"N","low":true,"high":false,"il":false,"ir":false}}
{"type":"status","t":0,"s":0,"torque":{"fl":0,"fr":0,"rl":0,"rr":0},"curr":{"fl":-10,"fr":-6,"rl":4,"rr":2},"vel": {"fl":0,"fr":0,"rl":0,"rr":0},"boards":{"vf":3970,"vr":3964,"tf":369,"tr":373},"vehicle":{"gear":"N","low":true,"high":false,"il":false,"ir":false}}
{"type":"status","t":0,"s":0,"torque":{"fl":0,"fr":0,"rl":0,"rr":0},"curr":{"fl":-16,"fr":0,"rl":4,"rr":4},"vel": {"fl":0,"fr":0,"rl":0,"rr":0},"boards":{"vf":3970,"vr":3964,"tf":369,"tr":373},"vehicle":{"gear":"N","low":true,"high":false,"il":false,"ir":false}}
{"type":"status","t":0,"s":0,"torque":{"fl":0,"fr":0,"rl":0,"rr":0},"curr":{"fl":-16,"fr":-2,"rl":4,"rr":4},"vel": {"fl":0,"fr":0,"rl":0,"rr":0},"boards":{"vf":3970,"vr":3964,"tf":369,"tr":373},"vehicle":{"gear":"N","low":true,"high":false,"il":false,"ir":false}}
{"type":"status","t":0,"s":0,"torque":{"fl":0,"fr":0,"rl":0,"rr":0},"curr":{"fl":-14,"fr":-2,"rl":4,"rr":6},"vel": {"fl":0,"fr":0,"rl":0,"rr":0},"boards":{"vf":3970,"vr":3964,"tf":369,"tr":373},"vehicle":{"gear":"N","low":true,"high":false,"il":false,"ir":false}}
{"type":"status","t":0,"s":0,"torque":{"fl":0,"fr":0,"rl":0,"rr":0},"curr":{"fl":6,"fr":16,"rl":2,"rr":2},"vel": {"fl":0,"fr":0,"rl":0,"rr":0},"boards":{"vf":3970,"vr":3964,"tf":369,"tr":373},"vehicle":{"gear":"N","low":true,"high":false,"il":false,"ir":false}}
{"type":"status","t":0,"s":0,"torque":{"fl":0,"fr":0,"rl":0,"rr":0},"curr":{"fl":6,"fr":16,"rl":6,"rr":4},"vel": {"fl":0,"fr":0,"rl":0,"rr":0},"boards":{"vf":3972,"vr":3964,"tf":369,"tr":373},"vehicle":{"gear":"N","low":true,"high":false,"il":false,"ir":false}}
{"type":"status","t":0,"s":0,"torque":{"fl":0,"fr":0,"rl":0,"rr":0},"curr":{"fl":6,"fr":16,"rl":4,"rr":4},"vel": {"fl":0,"fr":0,"rl":0,"rr":0},"boards":{"vf":3972,"vr":3964,"tf":369,"tr":373},"vehicle":{"gear":"N","low":true,"high":false,"il":false,"ir":false}}
{"type":"status","t":0,"s":0,"torque":{"fl":0,"fr":0,"rl":0,"rr":0},"curr":{"fl":6,"fr":16,"rl":4,"rr":6},"vel": {"fl":0,"fr":0,"rl":0,"rr":0},"boards":{"vf":3972,"vr":3964,"tf":369,"tr":373},"vehicle":{"gear":"N","low":true,"high":false,"il":false,"ir":false}}
{"type":"status","t":0,"s":0,"torque":{"fl":0,"fr":0,"rl":0,"rr":0},"curr":{"fl":6,"fr":14,"rl":4,"rr":0},"vel": {"fl":0,"fr":0,"rl":0,"rr":0},"boards":{"vf":3972,"vr":3964,"tf":369,"tr":373},"vehicle":{"gear":"N","low":true,"high":false,"il":false,"ir":false}}
{"type":"status","t":0,"s":0,"torque":{"fl":0,"fr":0,"rl":0,"rr":0},"curr":{"fl":6,"fr":14,"rl":6,"rr":2},"vel": {"fl":0,"fr":0,"rl":0,"rr":0},"boards":{"vf":3972,"vr":3964,"tf":369,"tr":373},"vehicle":{"gear":"N","low":true,"high":false,"il":false,"ir":false}}
{"type":"status","t":0,"s":0,"torque":{"fl":0,"fr":0,"rl":0,"rr":0},"curr":{"fl":6,"fr":14,"rl":4,"rr":4},"vel": {"fl":0,"fr":0,"rl":0,"rr":0},"boards":{"vf":3972,"vr":3964,"tf":369,"tr":373},"vehicle":{"gear":"N","low":true,"high":false,"il":false,"ir":false}}
{"type":"status","t":0,"s":0,"torque":{"fl":0,"fr":0,"rl":0,"rr":0},"curr":{"fl":6,"fr":16,"rl":2,"rr":4},"vel": {"fl":0,"fr":0,"rl":0,"rr":0},"boards":{"vf":3972,"vr":3964,"tf":369,"tr":373},"vehicle":{"gear":"N","low":true,"high":false,"il":false,"ir":false}}
{"type":"status","t":0,"s":0,"torque":{"fl":0,"fr":0,"rl":0,"rr":0},"curr":{"fl":6,"fr":16,"rl":4,"rr":4},"vel": {"fl":0,"fr":0,"rl":0,"rr":0},"boards":{"vf":3972,"vr":3964,"tf":369,"tr":375},"vehicle":{"gear":"N","low":true,"high":false,"il":false,"ir":false}}
{"type":"status","t":0,"s":0,"torque":{"fl":0,"fr":0,"rl":0,"rr":0},"curr":{"fl":6,"fr":14,"rl":4,"rr":2},"vel": {"fl":0,"fr":0,"rl":0,"rr":0},"boards":{"vf":3972,"vr":3964,"tf":369,"tr":375},"vehicle":{"gear":"N","low":true,"high":false,"il":false,"ir":false}}
{"type":"status","t":0,"s":0,"torque":{"fl":0,"fr":0,"rl":0,"rr":0},"curr":{"fl":6,"fr":16,"rl":4,"rr":4},"vel": {"fl":0,"fr":0,"rl":0,"rr":0},"boards":{"vf":3972,"vr":3964,"tf":369,"tr":375},"vehicle":{"gear":"N","low":true,"high":false,"il":false,"ir":false}}
{"type":"status","t":0,"s":0,"torque":{"fl":0,"fr":0,"rl":0,"rr":0},"curr":{"fl":6,"fr":14,"rl":6,"rr":4},"vel": {"fl":0,"fr":0,"rl":0,"rr":0},"boards":{"vf":3972,"vr":3964,"tf":369,"tr":375},"vehicle":{"gear":"N","low":true,"high":false,"il":false,"ir":false}}
{"type":"status","t":0,"s":0,"torque":{"fl":0,"fr":0,"rl":0,"rr":0},"curr":{"fl":8,"fr":14,"rl":4,"rr":6},"vel": {"fl":0,"fr":0,"rl":0,"rr":0},"boards":{"vf":3972,"vr":3964,"tf":369,"tr":375},"vehicle":{"gear":"N","low":true,"high":false,"il":false,"ir":false}}
{"type":"status","t":0,"s":0,"torque":{"fl":0,"fr":0,"rl":0,"rr":0},"curr":{"fl":-10,"fr":-6,"rl":4,"rr":4},"vel": {"fl":0,"fr":0,"rl":0,"rr":0},"boards":{"vf":3972,"vr":3964,"tf":369,"tr":375},"vehicle":{"gear":"N","low":true,"high":false,"il":false,"ir":false}}
{"type":"status","t":0,"s":0,"torque":{"fl":0,"fr":0,"rl":0,"rr":0},"curr":{"fl":-10,"fr":-6,"rl":4,"rr":2},"vel": {"fl":0,"fr":0,"rl":0,"rr":0},"boards":{"vf":3972,"vr":3964,"tf":369,"tr":375},"vehicle":{"gear":"N","low":true,"high":false,"il":false,"ir":false}}
{"type":"status","t":0,"s":0,"torque":{"fl":0,"fr":0,"rl":0,"rr":0},"curr":{"fl":-10,"fr":-6,"rl":4,"rr":4},"vel": {"fl":0,"fr":0,"rl":0,"rr":0},"boards":{"vf":3972,"vr":3967,"tf":369,"tr":375},"vehicle":{"gear":"N","low":true,"high":false,"il":false,"ir":false}}
{"type":"status","t":0,"s":0,"torque":{"fl":0,"fr":0,"rl":0,"rr":0},"curr":{"fl":-8,"fr":-6,"rl":4,"rr":2},"vel": {"fl":0,"fr":0,"rl":0,"rr":0},"boards":{"vf":3972,"vr":3967,"tf":369,"tr":375},"vehicle":{"gear":"N","low":true,"high":false,"il":false,"ir":false}}
{"type":"status","t":0,"s":0,"torque":{"fl":0,"fr":0,"rl":0,"rr":0},"curr":{"fl":-14,"fr":0,"rl":4,"rr":0},"vel": {"fl":0,"fr":0,"rl":0,"rr":0},"boards":{"vf":3975,"vr":3967,"tf":369,"tr":375},"vehicle":{"gear":"N","low":true,"high":false,"il":false,"ir":false}}
{"type":"status","t":0,"s":0,"torque":{"fl":0,"fr":0,"rl":0,"rr":0},"curr":{"fl":-14,"fr":-2,"rl":4,"rr":4},"vel": {"fl":0,"fr":0,"rl":0,"rr":0},"boards":{"vf":3975,"vr":3964,"tf":369,"tr":375},"vehicle":{"gear":"N","low":true,"high":false,"il":false,"ir":false}}
{"type":"status","t":0,"s":0,"torque":{"fl":0,"fr":0,"rl":0,"rr":0},"curr":{"fl":-14,"fr":-2,"rl":4,"rr":4},"vel": {"fl":0,"fr":0,"rl":0,"rr":0},"boards":{"vf":3975,"vr":3964,"tf":369,"tr":375},"vehicle":{"gear":"N","low":true,"high":false,"il":false,"ir":false}}
{"type":"status","t":0,"s":0,"torque":{"fl":0,"fr":0,"rl":0,"rr":0},"curr":{"fl":-16,"fr":-2,"rl":4,"rr":4},"vel": {"fl":0,"fr":0,"rl":0,"rr":0},"boards":{"vf":3975,"vr":3967,"tf":369,"tr":375},"vehicle":{"gear":"N","low":true,"high":false,"il":false,"ir":false}}
{"type":"status","t":0,"s":0,"torque":{"fl":0,"fr":0,"rl":0,"rr":0},"curr":{"fl":-16,"fr":-2,"rl":4,"rr":6},"vel": {"fl":0,"fr":0,"rl":0,"rr":0},"boards":{"vf":3975,"vr":3967,"tf":369,"tr":375},"vehicle":{"gear":"N","low":true,"high":false,"il":false,"ir":false}}
{"type":"status","t":0,"s":0,"torque":{"fl":0,"fr":0,"rl":0,"rr":0},"curr":{"fl":-16,"fr":-2,"rl":4,"rr":2},"vel": {"fl":0,"fr":0,"rl":0,"rr":0},"boards":{"vf":3975,"vr":3967,"tf":369,"tr":375},"vehicle":{"gear":"N","low":true,"high":false,"il":false,"ir":false}}
{"type":"status","t":0,"s":0,"torque":{"fl":0,"fr":0,"rl":0,"rr":0},"curr":{"fl":-14,"fr":-2,"rl":6,"rr":2},"vel": {"fl":0,"fr":0,"rl":0,"rr":0},"boards":{"vf":3975,"vr":3967,"tf":369,"tr":375},"vehicle":{"gear":"N","low":true,"high":false,"il":false,"ir":false}}
{"type":"status","t":0,"s":0,"torque":{"fl":0,"fr":0,"rl":0,"rr":0},"curr":{"fl":-14,"fr":-2,"rl":4,"rr":4},"vel": {"fl":0,"fr":0,"rl":0,"rr":0},"boards":{"vf":3975,"vr":3967,"tf":369,"tr":375},"vehicle":{"gear":"N","low":true,"high":false,"il":false,"ir":false}}
{"type":"status","t":0,"s":0,"torque":{"fl":0,"fr":0,"rl":0,"rr":0},"curr":{"fl":-16,"fr":-4,"rl":4,"rr":6},"vel": {"fl":0,"fr":0,"rl":0,"rr":0},"boards":{"vf":3975,"vr":3967,"tf":369,"tr":375},"vehicle":{"gear":"N","low":true,"high":false,"il":false,"ir":false}}
{"type":"status","t":0,"s":0,"torque":{"fl":0,"fr":0,"rl":0,"rr":0},"curr":{"fl":6,"fr":16,"rl":4,"rr":2},"vel": {"fl":0,"fr":0,"rl":0,"rr":0},"boards":{"vf":3975,"vr":3967,"tf":369,"tr":375},"vehicle":{"gear":"N","low":true,"high":false,"il":false,"ir":false}}